[2015.06.24-11.39.01:717][  0]Log file open, 06/24/15 13:39:01
[2015.06.24-11.39.01:717][  0]LogInit:Display: Running engine for game: MazeRunner
[2015.06.24-11.39.01:717][  0]LogInit:Display: RandInit(-1700612327) SRandInit(-1700612327).
[2015.06.24-11.39.01:717][  0]LogTaskGraph: Started task graph with 4 named threads and 7 total threads.
[2015.06.24-11.39.01:717][  0]LogStats: Stats thread started
[2015.06.24-11.39.01:717][  0]LogInit: Version: 4.8.0-2579680+++depot+UE4-Releases+4.8
[2015.06.24-11.39.01:717][  0]LogInit: API Version: 2579680
[2015.06.24-11.39.01:717][  0]LogInit: Compiled (64-bit): Jun  8 2015 03:34:53
[2015.06.24-11.39.01:717][  0]LogInit: Compiled with Visual C++: 18.00.21005.01
[2015.06.24-11.39.01:717][  0]LogInit: Build Configuration: Development
[2015.06.24-11.39.01:717][  0]LogInit: Branch Name: ++depot+UE4-Releases+4.8
[2015.06.24-11.39.01:717][  0]LogInit: Command line: 
[2015.06.24-11.39.01:717][  0]LogInit: Base directory: C:/Program Files/Epic Games/4.8/Engine/Binaries/Win64/
[2015.06.24-11.39.01:717][  0]LogInit: Rocket: 1
[2015.06.24-11.39.01:732][  0]LogInit: Using libcurl 7.41.0
[2015.06.24-11.39.01:732][  0]LogInit:  - built for x86_64-pc-win32
[2015.06.24-11.39.01:732][  0]LogInit:  - supports SSL with WinSSL
[2015.06.24-11.39.01:732][  0]LogInit:  - other features:
[2015.06.24-11.39.01:732][  0]LogInit:      CURL_VERSION_SSL
[2015.06.24-11.39.01:732][  0]LogInit:      CURL_VERSION_IPV6
[2015.06.24-11.39.01:732][  0]LogInit:      CURL_VERSION_ASYNCHDNS
[2015.06.24-11.39.01:732][  0]LogInit:      CURL_VERSION_LARGEFILE
[2015.06.24-11.39.01:732][  0]LogInit:      CURL_VERSION_IDN
[2015.06.24-11.39.01:732][  0]LogInit:  CurlRequestOptions (configurable via config and command line):
[2015.06.24-11.39.01:732][  0]LogInit:  - bVerifyPeer = true  - Libcurl will verify peer certificate
[2015.06.24-11.39.01:732][  0]LogInit:  - bUseHttpProxy = false  - Libcurl will NOT use HTTP proxy
[2015.06.24-11.39.01:732][  0]LogInit:  - bDontReuseConnections = false  - Libcurl will reuse connections
[2015.06.24-11.39.01:732][  0]LogInit:  - CertBundlePath = nullptr  - Libcurl will use whatever was configured at build time.
[2015.06.24-11.39.01:746][  0]LogOnline:Warning: No default platform service specified for OnlineSubsystem
[2015.06.24-11.39.01:763][  0]LogInit: Presizing for 0 objects not considered by GC, pre-allocating 0 bytes.
[2015.06.24-11.39.01:772][  0]LogInit: Object subsystem initialized
[2015.06.24-11.39.01:773][  0]LogConsoleResponse:Warning: Skipping Unknown console variable: 'TranslucentSortAxis = (X=0.000000,Y=-1.000000,Z=0.000000)'
[2015.06.24-11.39.01:773][  0]LogConsoleResponse:Warning:   Found in ini file 'D:/Repos/Catopsys/Engines/trunk/UE4/MazeRunner/Saved/Config/Windows/Engine.ini', in section '[/Script/Engine.RendererSettings]'
[2015.06.24-11.39.01:773][  0]LogConsoleResponse:Warning: Skipping Unknown console variable: 'UIScaleRule = ShortestSide'
[2015.06.24-11.39.01:773][  0]LogConsoleResponse:Warning:   Found in ini file 'D:/Repos/Catopsys/Engines/trunk/UE4/MazeRunner/Saved/Config/Windows/Engine.ini', in section '[/Script/Engine.RendererSettings]'
[2015.06.24-11.39.01:773][  0]LogConsoleResponse:Warning: Skipping Unknown console variable: 'UIScaleCurve = (EditorCurveData=(Keys=),ExternalCurve=None)'
[2015.06.24-11.39.01:773][  0]LogConsoleResponse:Warning:   Found in ini file 'D:/Repos/Catopsys/Engines/trunk/UE4/MazeRunner/Saved/Config/Windows/Engine.ini', in section '[/Script/Engine.RendererSettings]'
[2015.06.24-11.39.01:774][  0]LogInit: Selected Device Profile: [Windows]
[2015.06.24-11.39.01:774][  0]LogInit: Applying CVar settings loaded from the selected device profile: [Windows]
[2015.06.24-11.39.01:795][  0]LogInit: Computer: CATOPSYS-DEV-06
[2015.06.24-11.39.01:795][  0]LogInit: User: ihadjiat
[2015.06.24-11.39.01:795][  0]LogInit: CPU Page size=4096, Cores=4
[2015.06.24-11.39.01:795][  0]LogInit: High frequency timer resolution =3.919570 MHz
[2015.06.24-11.39.01:795][  0]LogMemory: Memory total: Physical=15.9GB (16GB approx)
[2015.06.24-11.39.01:795][  0]LogMemory: Platform Memory Stats for Windows
[2015.06.24-11.39.01:795][  0]LogMemory: Process Physical Memory: 50.21 MB used, 50.21 MB peak
[2015.06.24-11.39.01:795][  0]LogMemory: Process Virtual Memory: 26.36 MB used, 26.36 MB peak
[2015.06.24-11.39.01:796][  0]LogMemory: Physical Memory: 5747.16 MB used, 16282.96 MB total
[2015.06.24-11.39.01:796][  0]LogMemory: Virtual Memory: 285.85 MB used, 8388608.00 MB total
[2015.06.24-11.39.01:850][  0]LogTextLocalizationManager: The requested culture ('fr_FR') has no localization data; falling back to 'en' for localization and internationalization data.
[2015.06.24-11.39.02:131][  0]LogTextLocalizationManager:Warning: Loaded localization resources contain conflicting entries for (Namespace:ContentBrowser, Key:ImportAssetToolTip):
Localization Resource: (C:/Program Files/Epic Games/4.8/Engine/Content/Localization/Editor/en/Editor.locres) Source String Hash: (-630476809) Localized String: (Import to {0}...)
Localization Resource: (C:/Program Files/Epic Games/4.8/Engine/Content/Localization/Editor/en/Editor.locres) Source String Hash: (1271782899) Localized String: (Imports an asset from file to this folder.)
[2015.06.24-11.39.02:765][  0]LogD3D11RHI: Found D3D11 adapter 0: ATI FirePro V(FireGL V) Graphics Adapter (Feature Level 11_0)
[2015.06.24-11.39.02:765][  0]LogD3D11RHI: Adapter has 4078MB of dedicated video memory, 0MB of dedicated system memory, and 3840MB of shared system memory, 3 output[s]
[2015.06.24-11.39.02:765][  0]LogD3D11RHI: Chosen D3D11 Adapter Id = 0
[2015.06.24-11.39.02:774][  0]LogRHI: Texture pool is 1361 MB (70% of 1945 MB)
[2015.06.24-11.39.02:790][  0]LogD3D11RHI: Async texture creation disabled: no driver support
[2015.06.24-11.39.02:800][  0]LogShaderCompilers:Display: Using Local Shader Compiler.
[2015.06.24-11.39.03:866][  0]LogTemp:Display: Loaded TP DesktopTargetPlatform
[2015.06.24-11.39.03:884][  0]LogTemp:Display: Loaded TP WindowsClientTargetPlatform
[2015.06.24-11.39.03:901][  0]LogTemp:Display: Loaded TP WindowsNoEditorTargetPlatform
[2015.06.24-11.39.03:919][  0]LogTemp:Display: Loaded TP WindowsServerTargetPlatform
[2015.06.24-11.39.03:940][  0]LogTemp:Display: Loaded TP WindowsTargetPlatform
[2015.06.24-11.39.03:955][  0]LogTemp:Display: Loaded TP AndroidTargetPlatform
[2015.06.24-11.39.03:971][  0]LogTemp:Display: Loaded TP Android_ASTCTargetPlatform
[2015.06.24-11.39.03:987][  0]LogTemp:Display: Loaded TP Android_ATCTargetPlatform
[2015.06.24-11.39.04:003][  0]LogTemp:Display: Loaded TP Android_DXTTargetPlatform
[2015.06.24-11.39.04:018][  0]LogTemp:Display: Loaded TP Android_ETC1TargetPlatform
[2015.06.24-11.39.04:034][  0]LogTemp:Display: Loaded TP Android_ETC2TargetPlatform
[2015.06.24-11.39.04:050][  0]LogTemp:Display: Loaded TP Android_PVRTCTargetPlatform
[2015.06.24-11.39.04:107][  0]LogTemp:Display: Loaded TP IOSTargetPlatform
[2015.06.24-11.39.04:123][  0]LogTemp:Display: Loaded TP LinuxNoEditorTargetPlatform
[2015.06.24-11.39.04:138][  0]LogTemp:Display: Loaded TP LinuxServerTargetPlatform
[2015.06.24-11.39.04:157][  0]LogTemp:Display: Loaded TP LinuxTargetPlatform
[2015.06.24-11.39.04:158][  0]LogTargetPlatformManager:Display: Building Assets For Windows
[2015.06.24-11.39.04:431][  0]LogDerivedDataCache:Display: Max Cache Size: 512 MB
[2015.06.24-11.39.04:513][  0]LogDerivedDataCache: Loaded boot cache 0.08s 53MB C:/Users/ihadjiat.PRIV.000/AppData/Local/UnrealEngine/4.8/DerivedDataCache/Boot.ddc.
[2015.06.24-11.39.04:513][  0]LogDerivedDataCache:Display: Loaded Boot cache: C:/Users/ihadjiat.PRIV.000/AppData/Local/UnrealEngine/4.8/DerivedDataCache/Boot.ddc
[2015.06.24-11.39.04:513][  0]LogDerivedDataCache: FDerivedDataBackendGraph:  Pak pak cache file D:/Repos/Catopsys/Engines/trunk/UE4/MazeRunner/DerivedDataCache/DDC.ddp not found, will not use a pak cache.
[2015.06.24-11.39.04:513][  0]LogDerivedDataCache: Unable to find inner node Pak for hierarchical cache Hierarchy.
[2015.06.24-11.39.04:513][  0]LogDerivedDataCache: FDerivedDataBackendGraph:  CompressedPak pak cache file D:/Repos/Catopsys/Engines/trunk/UE4/MazeRunner/DerivedDataCache/Compressed.ddp not found, will not use a pak cache.
[2015.06.24-11.39.04:513][  0]LogDerivedDataCache: Unable to find inner node CompressedPak for hierarchical cache Hierarchy.
[2015.06.24-11.39.04:667][  0]LogDerivedDataCache:Display: Pak cache opened for reading ../../../Engine/DerivedDataCache/Compressed.ddp.
[2015.06.24-11.39.04:678][  0]LogDerivedDataCache: Using Local data cache path C:/Users/ihadjiat.PRIV.000/AppData/Local/UnrealEngine/Common/DerivedDataCache: Writable
[2015.06.24-11.39.05:133][  0]LogInit: Selected Device Profile: [Windows]
[2015.06.24-11.39.05:143][  0]ImportText (ComponentSweepMultiTests): Missing closing parenthesis: (RootShapeAsset="/Engine/BasicShapes/Cube.Cube",ShapeType="TriggerCapsule",HitResult=(Time=0.50,Location=(X=-100.000015,Y=0.0,Z=100.000015),ImpactPoint=(X=-50.0,Y=0.0,Z=50.0),Normal=(X=-1.0,Y=-0.0,Z=0.0),ImpactNormal=(X=0.0,Y=0.0,Z=1.0),TraceStart=(X=-200.0,Y=0.0,Z=200.0),TraceEnd=(X=0.0,Y=0.0,Z=0.0))
[2015.06.24-11.39.05:143][  0]ImportText (LineTraceSingleByChannelTests): Missing closing parenthesis: (RootShapeAsset="/Engine/BasicShapes/Cube.Cube",HitResult=(Time=0.50,Location=(X=-100.000015,Y=0.0,Z=100.000015),ImpactPoint=(X=-50.0,Y=0.0,Z=50.0),Normal=(X=-1.0,Y=-0.0,Z=0.0),ImpactNormal=(X=0.0,Y=0.0,Z=1.0),TraceStart=(X=-200.0,Y=0.0,Z=200.0),TraceEnd=(X=0.0,Y=0.0,Z=0.0))
[2015.06.24-11.39.05:175][  0]LogMeshUtilities: No automatic mesh reduction module available
[2015.06.24-11.39.05:175][  0]LogMeshUtilities: No automatic mesh merging module available
[2015.06.24-11.39.05:746][  0]LogInit: WinSock: version 1.1 (2.2), MaxSocks=32767, MaxUdp=65467
[2015.06.24-11.39.07:719][  0]UdpMessaging: Initializing bridge on interface 0.0.0.0:0 to multicast group 230.0.0.1:6666.
[2015.06.24-11.39.08:171][  0]SourceControl: Info Source control is disabled
[2015.06.24-11.39.08:624][  0]LogObj: 26273 objects as part of root set at end of initial load.
[2015.06.24-11.39.08:624][  0]LogUObjectAllocator: 5409248 out of 0 bytes used by permanent object pool.
[2015.06.24-11.39.08:705][  0]LogEngine: Initializing Engine...
[2015.06.24-11.39.08:708][  0]LogHMD: Can't find Oculus library dev build: is proper Runtime installed? Version: 0.6.0.0
[2015.06.24-11.39.08:711][  0]LogHMD:Warning: SteamVR failed to initialize.  Error: 110
[2015.06.24-11.39.08:895][  0]LogAIModule: Creating AISystem for world NewWorld
[2015.06.24-11.39.08:929][  0]LogInit: XAudio2 using 'Haut-parleurs (6- Logitech G930 Headset)' : 2 channels at 44.1 kHz using 16 bits per sample (channel mask 0x3)
[2015.06.24-11.39.08:964][  0]LogInit: FAudioDevice initialized.
[2015.06.24-11.39.09:008][  0]LogDerivedDataCache: Saved boot cache 0.04s 53MB C:/Users/ihadjiat.PRIV.000/AppData/Local/UnrealEngine/4.8/DerivedDataCache/Boot.ddc.
[2015.06.24-11.39.09:020][  0]LogInit: Texture streaming: Disabled
[2015.06.24-11.39.09:048][  0]LogAnalytics: Creating configured Analytics provider AnalyticsET
[2015.06.24-11.39.09:048][  0]LogAnalytics: [UEEditor.Rocket.Release] APIServer = http://et2.epicgames.com/ET2/. AppVersion = 4.8.0-2579680+++depot+UE4-Releases+4.8
[2015.06.24-11.39.09:048][  0]LogAnalytics: [UEEditor.Rocket.Release] SetUserId d5bdeaa6483860f643998eb7fbf661da|6176f649f1174023a271b9b929452cb0|6f943df1-ac3d-4304-bc90-3ae20687ab72
[2015.06.24-11.39.09:048][  0]LogAnalytics: [UEEditor.Rocket.Release] AnalyticsET::StartSession
[2015.06.24-11.39.09:080][  0]LogInit: Transaction tracking system initialized
[2015.06.24-11.39.09:228][  0]BlueprintLog: New page: Editor Load
[2015.06.24-11.39.09:265][  0]LogAssetRegistry: FAssetRegistry took 0.0102 seconds to start up
[2015.06.24-11.39.09:265][  0]LogDirectoryWatcher:Warning: Failed to begin reading directory changes for ../../../Engine/Plugins/Experimental/CharacterAI/Content/. Error: 0
[2015.06.24-11.39.10:320][  0]LogConsoleManager:Warning: Console variable 'r.VSync' wasn't set ('GameSetting' has a lower priority than 'SystemSettingsIni')
[2015.06.24-11.39.10:320][  0]LogConsoleResponse:Display: 
[2015.06.24-11.39.10:431][  0]LogCook:Display: Done creating registry. It took  0.00s.
[2015.06.24-11.39.10:717][  0]Cmd: MAP LOAD FILE="D:/Repos/Catopsys/Engines/trunk/UE4/MazeRunner/Content/ThirdPersonBP/Maps/ThirdPersonExampleMap.umap" TEMPLATE=0 SHOWPROGRESS=1 FEATURELEVEL=3
[2015.06.24-11.39.10:717][  0]LightingResults: New page: Lighting Build
[2015.06.24-11.39.10:731][  0]MapCheck: New page: Map Check
[2015.06.24-11.39.10:731][  0]LightingResults: New page: Lighting Build
[2015.06.24-11.39.10:745][  0]LogParticles: Destroying 0 GPU particle simulations for FXSystem 0x00000000156A8B80
[2015.06.24-11.39.11:786][  0]LogAIModule: Creating AISystem for world ThirdPersonExampleMap
[2015.06.24-11.39.11:794][  0]LogEditorServer: Finished looking for orphan Actors (0.000 secs)
[2015.06.24-11.39.11:874][  0]Cmd: MAP CHECKDEP NOCLEARLOG
[2015.06.24-11.39.11:919][  0]MapCheck: Info Map check complete: 0 Error(s), 0 Warning(s), took 44.392ms to complete.
[2015.06.24-11.39.11:919][  0]LogFileHelpers: Loading map 'ThirdPersonExampleMap' took 1.203
[2015.06.24-11.39.12:227][  0]LogCollectionManager: Loaded 0 collections in 0.001994 seconds
[2015.06.24-11.39.12:236][  0]LogContentBrowser: Native class hierarchy populated in 0.0087 seconds. Added 1792 classes and 301 folders.
[2015.06.24-11.39.12:353][  0]LogContentBrowser: Native class hierarchy updated for 'WidgetCarousel' in 0.0005 seconds. Added 0 classes and 0 folders.
[2015.06.24-11.39.12:382][  0]LogContentBrowser: Native class hierarchy updated for 'AddContentDialog' in 0.0004 seconds. Added 0 classes and 0 folders.
[2015.06.24-11.39.12:401][  0]LogContentBrowser: Native class hierarchy updated for 'SceneOutliner' in 0.0003 seconds. Added 1 classes and 2 folders.
[2015.06.24-11.39.12:439][  0]LogCrashTracker: Crashtracker disabled due to settings.
[2015.06.24-11.39.12:444][  0]LogUObjectGlobals:Warning: Failed to find object 'Class None.'
[2015.06.24-11.39.12:465][  0]LogLoad: Full Startup: 13.24 seconds (BP compile: 0.43 seconds)
[2015.06.24-11.39.12:516][  0]SourceControl: Info On branch master
[2015.06.24-11.39.12:517][  0]SourceControl: Info Changes to be committed:
[2015.06.24-11.39.12:517][  0]SourceControl: Info   (use "git reset HEAD <file>..." to unstage)
[2015.06.24-11.39.12:517][  0]SourceControl: Info 	new file:   Content/ThirdPersonBP/Blueprints/BP_FloorTile.uasset
[2015.06.24-11.39.12:517][  0]SourceControl: Info 	new file:   Content/ThirdPersonBP/Blueprints/GameMode.uasset
[2015.06.24-11.39.12:517][  0]SourceControl: Info Changes not staged for commit:
[2015.06.24-11.39.12:517][  0]SourceControl: Info   (use "git add/rm <file>..." to update what will be committed)
[2015.06.24-11.39.12:517][  0]SourceControl: Info   (use "git checkout -- <file>..." to discard changes in working directory)
[2015.06.24-11.39.12:517][  0]SourceControl: Info 	modified:   Config/DefaultEngine.ini
[2015.06.24-11.39.12:517][  0]SourceControl: Info 	modified:   Content/ThirdPersonBP/Blueprints/RunCharacter.uasset
[2015.06.24-11.39.12:517][  0]SourceControl: Info 	modified:   Content/ThirdPersonBP/Blueprints/ThirdPersonGameMode.uasset
[2015.06.24-11.39.12:517][  0]SourceControl: Info 	modified:   Content/ThirdPersonBP/Maps/ThirdPersonExampleMap.umap
[2015.06.24-11.39.12:517][  0]SourceControl: Info 	deleted:    README.md
[2015.06.24-11.39.12:517][  0]SourceControl: Info Untracked files:
[2015.06.24-11.39.12:517][  0]SourceControl: Info   (use "git add <file>..." to include in what will be committed)
[2015.06.24-11.39.12:517][  0]SourceControl: Info 	Config/DefaultEditorPerProjectUserSettings.ini
[2015.06.24-11.39.12:517][  0]SourceControl: Info 	Intermediate/
[2015.06.24-11.39.12:517][  0]SourceControl: Info 	MazeRunner.uproject
[2015.06.24-11.39.12:517][  0]SourceControl: Info 	Saved/
[2015.06.24-11.39.12:517][  0]LogContentStreaming: Texture pool size is 0.000000MB
[2015.06.24-11.39.12:552][  0]LogContentStreaming: Texture pool size now 1000 MB
[2015.06.24-11.39.12:844][  0]LogRenderer: Reallocating scene render targets to support 1208x656 (Frame:2).
[2015.06.24-11.39.13:257][  7]LogAssetRegistry: Asset discovery search completed in 4.0026 seconds
[2015.06.24-11.39.20:067][647]LogLinker:Warning: Asset '../../../Engine/Content/ArtTools/RenderToTexture/Macros/RenderToTextureMacros.uasset' has been saved with empty engine version. The asset will be loaded but may be incompatible.
[2015.06.24-11.39.20:126][647]LogLinker:Warning: Asset '../../../Engine/Content/ArtTools/RenderToTexture/Enums/RenderToTexture_Enum.uasset' has been saved with empty engine version. The asset will be loaded but may be incompatible.
[2015.06.24-11.39.24:179][799]LogEditorViewport: Clicking on Actor (LMB): StaticMeshActor (Wall3)
[2015.06.24-11.39.25:062][841]LogPlayLevel: PIE:  No blueprints needed recompiling
[2015.06.24-11.39.25:065][841]PIE: New page: PIE session: ThirdPersonExampleMap (Jun 24, 2015, 3:39:25 PM)
[2015.06.24-11.39.25:065][841]LogPlayLevel: Creating play world package: /Game/ThirdPersonBP/Maps/UEDPIE_0_ThirdPersonExampleMap
[2015.06.24-11.39.25:098][841]LogPlayLevel: PIE: StaticDuplicateObject took: (0.033303s)
[2015.06.24-11.39.25:101][841]LogAIModule: Creating AISystem for world ThirdPersonExampleMap
[2015.06.24-11.39.25:101][841]LogPlayLevel: PIE: World Init took: (0.002879s)
[2015.06.24-11.39.25:101][841]LogPlayLevel: PIE: Created PIE world by copying editor world from /Game/ThirdPersonBP/Maps/ThirdPersonExampleMap.ThirdPersonExampleMap to /Game/ThirdPersonBP/Maps/UEDPIE_0_ThirdPersonExampleMap.ThirdPersonExampleMap (0.036596s)
[2015.06.24-11.39.25:279][841]LogInit: XAudio2 using 'Haut-parleurs (6- Logitech G930 Headset)' : 2 channels at 44.1 kHz using 16 bits per sample (channel mask 0x3)
[2015.06.24-11.39.25:288][841]LogInit: FAudioDevice initialized.
[2015.06.24-11.39.25:351][841]LogWorld: Game class is 'GameMode_C'
[2015.06.24-11.39.25:358][841]LogWorld: Bringing World /Game/ThirdPersonBP/Maps/UEDPIE_0_ThirdPersonExampleMap.ThirdPersonExampleMap up for play (max tick rate 0) at 2015.06.24-13.39.25
[2015.06.24-11.39.25:358][841]LogActor:Warning: GameSession /Game/ThirdPersonBP/Maps/UEDPIE_0_ThirdPersonExampleMap.ThirdPersonExampleMap:PersistentLevel.GameSession_0 has natively added scene component(s), but none of them were set as the actor's RootComponent - picking one arbitrarily
[2015.06.24-11.39.25:359][841]LogActor:Warning: GameNetworkManager /Game/ThirdPersonBP/Maps/UEDPIE_0_ThirdPersonExampleMap.ThirdPersonExampleMap:PersistentLevel.GameNetworkManager_0 has natively added scene component(s), but none of them were set as the actor's RootComponent - picking one arbitrarily
[2015.06.24-11.39.25:359][841]LogWorld: Bringing up level for play took: 0.005541
[2015.06.24-11.39.25:361][841]PIE: Info Play in editor start time for /Game/ThirdPersonBP/Maps/UEDPIE_0_ThirdPersonExampleMap 0.081
[2015.06.24-11.39.29:818][105]LogParticles: Destroying 0 GPU particle simulations for FXSystem 0x00000000317977E0
[2015.06.24-11.39.46:985][ 67]SourceControl: Info On branch master
[2015.06.24-11.39.46:985][ 67]SourceControl: Info Changes to be committed:
[2015.06.24-11.39.46:985][ 67]SourceControl: Info   (use "git reset HEAD <file>..." to unstage)
[2015.06.24-11.39.46:985][ 67]SourceControl: Info 	new file:   Content/ThirdPersonBP/Blueprints/BP_FloorTile.uasset
[2015.06.24-11.39.46:985][ 67]SourceControl: Info 	new file:   Content/ThirdPersonBP/Blueprints/GameMode.uasset
[2015.06.24-11.39.46:985][ 67]SourceControl: Info Changes not staged for commit:
[2015.06.24-11.39.46:985][ 67]SourceControl: Info   (use "git add/rm <file>..." to update what will be committed)
[2015.06.24-11.39.46:985][ 67]SourceControl: Info   (use "git checkout -- <file>..." to discard changes in working directory)
[2015.06.24-11.39.46:985][ 67]SourceControl: Info 	modified:   Config/DefaultEngine.ini
[2015.06.24-11.39.46:985][ 67]SourceControl: Info 	modified:   Content/ThirdPersonBP/Blueprints/RunCharacter.uasset
[2015.06.24-11.39.46:985][ 67]SourceControl: Info 	modified:   Content/ThirdPersonBP/Blueprints/ThirdPersonGameMode.uasset
[2015.06.24-11.39.46:985][ 67]SourceControl: Info 	modified:   Content/ThirdPersonBP/Maps/ThirdPersonExampleMap.umap
[2015.06.24-11.39.46:985][ 67]SourceControl: Info 	deleted:    README.md
[2015.06.24-11.39.46:985][ 67]SourceControl: Info Untracked files:
[2015.06.24-11.39.46:985][ 67]SourceControl: Info   (use "git add <file>..." to include in what will be committed)
[2015.06.24-11.39.46:985][ 67]SourceControl: Info 	Config/DefaultEditorPerProjectUserSettings.ini
[2015.06.24-11.39.46:985][ 67]SourceControl: Info 	Intermediate/
[2015.06.24-11.39.46:985][ 67]SourceControl: Info 	MazeRunner.uproject
[2015.06.24-11.39.46:985][ 67]SourceControl: Info 	Saved/
[2015.06.24-11.39.47:587][ 67]LogActorComponent: UnregisterComponent: (/Engine/Transient.CharMoveComp) Not registered. Aborting.
[2015.06.24-11.39.47:645][ 67]LogMetaData: Removing '/Game/ThirdPersonBP/Blueprints/RunGameMode.RunGameMode_C' ref from Metadata '/Game/ThirdPersonBP/Blueprints/GameMode.PackageMetaData'
[2015.06.24-11.39.47:645][ 67]LogMetaData: Removing '/Game/ThirdPersonBP/Blueprints/RunGameMode.SKEL_RunGameMode_C' ref from Metadata '/Game/ThirdPersonBP/Blueprints/GameMode.PackageMetaData'
[2015.06.24-11.39.47:775][ 67]Cmd: OBJ SAVEPACKAGE PACKAGE="/Game/ThirdPersonBP/Blueprints/RunGameMode" FILE="D:/Repos/Catopsys/Engines/trunk/UE4/MazeRunner/Content/ThirdPersonBP/Blueprints/RunGameMode.uasset" SILENT=true
[2015.06.24-11.39.47:785][ 67]LogSavePackage: Save=9.060688ms
[2015.06.24-11.39.47:785][ 67]LogSavePackage: Moving 'D:/Repos/Catopsys/Engines/trunk/UE4/MazeRunner/Saved/RunGameMode0F60DBCC483870F921D560857C7D10F8.tmp' to 'D:/Repos/Catopsys/Engines/trunk/UE4/MazeRunner/Content/ThirdPersonBP/Blueprints/RunGameMode.uasset'
[2015.06.24-11.39.48:779][ 67]SourceControl:Error: Error error: pathspec 'D:/Repos/Catopsys/Engines/trunk/UE4/MazeRunner/Content/ThirdPersonBP/Blueprints/GameMode.uasset' did not match any file(s) known to git.
[2015.06.24-11.39.49:049][ 67]LogSavePackage: Save=5.609544ms
[2015.06.24-11.39.49:049][ 67]LogSavePackage: Moving 'D:/Repos/Catopsys/Engines/trunk/UE4/MazeRunner/Saved/ThirdPersonGameModeD534CE944B460D3082DA198E3AE73CC7.tmp' to 'D:/Repos/Catopsys/Engines/trunk/UE4/MazeRunner/Content/ThirdPersonBP/Blueprints/ThirdPersonGameMode.uasset'
[2015.06.24-11.39.56:713][309]LogEditorViewport: Clicking on Actor (LMB): StaticMeshActor (Bump_StaticMesh)
[2015.06.24-11.40.03:563][495]Cmd: MAP LOAD FILE="../../../Engine/Content/Maps/Templates/Template_Default.umap" TEMPLATE=1 SHOWPROGRESS=1 FEATURELEVEL=3
[2015.06.24-11.40.03:648][495]LightingResults: New page: Lighting Build
[2015.06.24-11.40.03:672][495]LoadErrors: New page: Loading map: Template_Default.umap
[2015.06.24-11.40.03:673][495]MapCheck: New page: Map Check
[2015.06.24-11.40.03:673][495]LightingResults: New page: Lighting Build
[2015.06.24-11.40.03:673][495]LogActorComponent: UnregisterComponent: (/Engine/Transient.CharMoveComp) Not registered. Aborting.
[2015.06.24-11.40.03:706][495]LogParticles: Destroying 0 GPU particle simulations for FXSystem 0x00000000097AF740
[2015.06.24-11.40.03:776][495]LogAIModule: Creating AISystem for world Untitled_1
[2015.06.24-11.40.03:797][495]LogEditorServer: Finished looking for orphan Actors (0.000 secs)
[2015.06.24-11.40.03:822][495]Cmd: MAP CHECKDEP NOCLEARLOG
[2015.06.24-11.40.03:874][495]MapCheck: Info Map check complete: 0 Error(s), 0 Warning(s), took 51.795ms to complete.
[2015.06.24-11.40.03:874][495]LogFileHelpers: Loading map 'Template_Default' took 0.312
[2015.06.24-11.40.06:876][677]LogActor:Warning: GameNetworkManager /Engine/Transient.World_5:PersistentLevel.GameNetworkManager_1 has natively added scene component(s), but none of them were set as the actor's RootComponent - picking one arbitrarily
[2015.06.24-11.40.11:752][885]LogActor:Warning: GameNetworkManager /Engine/Transient.World_6:PersistentLevel.GameNetworkManager_2 has natively added scene component(s), but none of them were set as the actor's RootComponent - picking one arbitrarily
[2015.06.24-11.41.55:227][980]BlueprintLog: New page: Compile RunGameMode
[2015.06.24-11.41.55:253][980]LogBlueprint:Error: [compiler RunGameMode] Error Spawn node  SpawnActor NONE  must have a class specified.
[2015.06.24-11.41.55:351][980]LogActorComponent: UnregisterComponent: (/Engine/Transient.CharMoveComp) Not registered. Aborting.
[2015.06.24-11.41.55:386][980]LogParticles: Destroying 0 GPU particle simulations for FXSystem 0x000000002B9D89A0
[2015.06.24-11.41.55:440][980]LogBlueprint:Warning: [compiler RunGameMode] Warning [0176.21] Compile of RunGameMode failed. 1 Fatal Issue(s) 0 Warning(s) [in 212 ms]
[2015.06.24-11.41.55:440][980]BlueprintEditorCompileResults:Error: Error Spawn node  SpawnActor NONE  must have a class specified.
[2015.06.24-11.41.55:440][980]BlueprintEditorCompileResults:Warning: Warning [0176.21] Compile of RunGameMode failed. 1 Fatal Issue(s) 0 Warning(s) [in 212 ms]
[2015.06.24-11.42.13:248][337]LogEditorViewport: Clicking on Actor (LMB): StaticMeshActor (Floor)
[2015.06.24-11.42.14:201][411]Cmd: DELETE
[2015.06.24-11.42.14:201][411]Cmd: ACTOR DELETE
[2015.06.24-11.42.14:208][411]LogEditorActor: Deleted Actor: StaticMeshActor
[2015.06.24-11.42.14:268][411]LogEditorActor: Deleted 1 Actors (0.061 secs)
[2015.06.24-11.42.14:269][411]SourceControl: Info fatal: /Temp/Untitled_1: '/Temp/Untitled_1' is outside repository
[2015.06.24-11.42.17:825][735]BlueprintLog: New page: Pre-PIE auto-recompile
[2015.06.24-11.42.17:839][735]LogPlayLevel: [PIE] Compiling RunGameMode before PIE...
[2015.06.24-11.42.17:866][735]LogBlueprint:Error: [compiler RunGameMode] Error Spawn node  SpawnActor NONE  must have a class specified.
[2015.06.24-11.42.17:955][735]LogBlueprint:Warning: [compiler RunGameMode] Warning [0198.73] Compile of RunGameMode failed. 1 Fatal Issue(s) 0 Warning(s) [in 110 ms]
[2015.06.24-11.42.17:956][735]LogBlueprint:Warning: [compiler RunGameMode] Warning [0198.73] Compile of RunGameMode failed. 1 Fatal Issue(s) 1 Warning(s) [in 0 ms]
[2015.06.24-11.42.17:956][735]LogBlueprint:Warning: [compiler RunGameMode] Warning [0198.73] Compile of RunGameMode failed. 1 Fatal Issue(s) 2 Warning(s) [in 0 ms]
[2015.06.24-11.42.17:956][735]LogBlueprint:Warning: [compiler RunGameMode] Warning [0198.73] Compile of RunGameMode failed. 1 Fatal Issue(s) 3 Warning(s) [in 0 ms]
[2015.06.24-11.42.17:968][735]LogBlueprint:Warning: [compiler RunGameMode] Warning [0198.74] Compile of RunGameMode failed. 1 Fatal Issue(s) 4 Warning(s) [in 12 ms]
[2015.06.24-11.42.17:969][735]LogBlueprint:Warning: [compiler RunGameMode] Warning [0198.74] Compile of RunGameMode failed. 1 Fatal Issue(s) 5 Warning(s) [in 0 ms]
[2015.06.24-11.42.18:017][735]LogPlayLevel: PIE:  Blueprint regeneration took 191 ms (1 blueprints)
[2015.06.24-11.42.22:678][735]BlueprintLog: Info Blueprint RunGameMode failed to compile
[2015.06.24-11.42.24:051][869]BlueprintLog: New page: Compile RunGameMode
[2015.06.24-11.42.24:078][869]LogBlueprint:Error: [compiler RunGameMode] Error Spawn node  SpawnActor NONE  must have a class specified.
[2015.06.24-11.42.24:229][869]LogBlueprint:Warning: [compiler RunGameMode] Warning [0205.00] Compile of RunGameMode failed. 1 Fatal Issue(s) 0 Warning(s) [in 177 ms]
[2015.06.24-11.42.24:229][869]BlueprintEditorCompileResults:Error: Error Spawn node  SpawnActor NONE  must have a class specified.
[2015.06.24-11.42.24:229][869]BlueprintEditorCompileResults:Warning: Warning [0205.00] Compile of RunGameMode failed. 1 Fatal Issue(s) 0 Warning(s) [in 177 ms]
[2015.06.24-11.42.46:032][102]LogSlate:Warning: Prevented a slow task dialog from being summoned while a context menu was open
[2015.06.24-11.42.48:891][356]BlueprintLog: New page: Compile RunGameMode
[2015.06.24-11.42.48:956][356]LogActorComponent: UnregisterComponent: (/Engine/Transient.CharMoveComp) Not registered. Aborting.
[2015.06.24-11.42.49:040][356]BlueprintEditorCompileResults: Info [0229.81] Compile of RunGameMode successful! [in 149 ms]
[2015.06.24-11.42.50:164][454]LogEditorViewport: Clicking on Actor (LMB): BP_Sky_Sphere_C (Sky Sphere)
[2015.06.24-11.42.51:122][522]LogPlayLevel: PIE:  No blueprints needed recompiling
[2015.06.24-11.42.51:122][522]PIE: New page: PIE session: Untitled_1 (Jun 24, 2015, 3:42:51 PM)
[2015.06.24-11.42.51:122][522]LogPlayLevel: Creating play world package: /Temp/UEDPIE_0_Untitled_1
[2015.06.24-11.42.51:124][522]LogPlayLevel: PIE: StaticDuplicateObject took: (0.001846s)
[2015.06.24-11.42.51:125][522]LogAIModule: Creating AISystem for world Untitled_1
[2015.06.24-11.42.51:125][522]LogPlayLevel: PIE: World Init took: (0.001272s)
[2015.06.24-11.42.51:126][522]LogPlayLevel: PIE: Created PIE world by copying editor world from /Temp/Untitled_1.Untitled_1 to /Temp/UEDPIE_0_Untitled_1.Untitled_1 (0.003304s)
[2015.06.24-11.42.51:208][522]LogInit: XAudio2 using 'Haut-parleurs (6- Logitech G930 Headset)' : 2 channels at 44.1 kHz using 16 bits per sample (channel mask 0x3)
[2015.06.24-11.42.51:216][522]LogInit: FAudioDevice initialized.
[2015.06.24-11.42.51:250][522]LogUObjectGlobals:Warning: Failed to find object 'Class /Game/ThirdPersonBP/Blueprints/ThirdPersonGameMode.ThirdPersonGameMode_C'
[2015.06.24-11.42.51:250][522]LogWorld: Game class is 'GameMode'
[2015.06.24-11.42.51:254][522]LogWorld: Bringing World /Temp/UEDPIE_0_Untitled_1.Untitled_1 up for play (max tick rate 0) at 2015.06.24-13.42.51
[2015.06.24-11.42.51:254][522]LogActor:Warning: GameSession /Temp/UEDPIE_0_Untitled_1.Untitled_1:PersistentLevel.GameSession_1 has natively added scene component(s), but none of them were set as the actor's RootComponent - picking one arbitrarily
[2015.06.24-11.42.51:254][522]LogActor:Warning: GameNetworkManager /Temp/UEDPIE_0_Untitled_1.Untitled_1:PersistentLevel.GameNetworkManager_3 has natively added scene component(s), but none of them were set as the actor's RootComponent - picking one arbitrarily
[2015.06.24-11.42.51:254][522]LogWorld: Bringing up level for play took: 0.001846
[2015.06.24-11.42.51:259][522]PIE: Info Play in editor start time for /Temp/UEDPIE_0_Untitled_1 -0.025
[2015.06.24-11.42.59:959][343]LogParticles: Destroying 0 GPU particle simulations for FXSystem 0x0000000025B8FA60
[2015.06.24-11.43.31:770][117]LogPlayLevel: PIE:  No blueprints needed recompiling
[2015.06.24-11.43.31:770][117]PIE: New page: SIE session: Untitled_1 (Jun 24, 2015, 3:43:31 PM)
[2015.06.24-11.43.31:770][117]LogPlayLevel: Creating play world package: /Temp/UEDPIE_0_Untitled_1
[2015.06.24-11.43.31:772][117]LogPlayLevel: PIE: StaticDuplicateObject took: (0.001821s)
[2015.06.24-11.43.31:773][117]LogAIModule: Creating AISystem for world Untitled_1
[2015.06.24-11.43.31:774][117]LogPlayLevel: PIE: World Init took: (0.001297s)
[2015.06.24-11.43.31:774][117]LogPlayLevel: PIE: Created PIE world by copying editor world from /Temp/Untitled_1.Untitled_1 to /Temp/UEDPIE_0_Untitled_1.Untitled_1 (0.003347s)
[2015.06.24-11.43.31:774][117]LogActorComponent: UnregisterComponent: (/Engine/Transient.CharMoveComp) Not registered. Aborting.
[2015.06.24-11.43.31:822][117]LogSelection:Warning: PIE object was selected: "BP_Sky_Sphere_C /Temp/UEDPIE_0_Untitled_1.Untitled_1:PersistentLevel.SkySphere"
[2015.06.24-11.43.31:853][117]LogInit: XAudio2 using 'Haut-parleurs (6- Logitech G930 Headset)' : 2 channels at 44.1 kHz using 16 bits per sample (channel mask 0x3)
[2015.06.24-11.43.31:861][117]LogInit: FAudioDevice initialized.
[2015.06.24-11.43.31:894][117]LogUObjectGlobals:Warning: Failed to find object 'Class /Game/ThirdPersonBP/Blueprints/ThirdPersonGameMode.ThirdPersonGameMode_C'
[2015.06.24-11.43.31:894][117]LogWorld: Game class is 'GameMode'
[2015.06.24-11.43.31:897][117]LogWorld: Bringing World /Temp/UEDPIE_0_Untitled_1.Untitled_1 up for play (max tick rate 0) at 2015.06.24-13.43.31
[2015.06.24-11.43.31:897][117]LogActor:Warning: GameSession /Temp/UEDPIE_0_Untitled_1.Untitled_1:PersistentLevel.GameSession_2 has natively added scene component(s), but none of them were set as the actor's RootComponent - picking one arbitrarily
[2015.06.24-11.43.31:898][117]LogActor:Warning: GameNetworkManager /Temp/UEDPIE_0_Untitled_1.Untitled_1:PersistentLevel.GameNetworkManager_4 has natively added scene component(s), but none of them were set as the actor's RootComponent - picking one arbitrarily
[2015.06.24-11.43.31:898][117]LogWorld: Bringing up level for play took: 0.001881
[2015.06.24-11.43.31:900][117]PIE: Info Play in editor start time for /Temp/UEDPIE_0_Untitled_1 0.617
[2015.06.24-11.43.31:928][117]LogSelection:Warning: PIE object was selected: "BP_Sky_Sphere_C /Temp/UEDPIE_0_Untitled_1.Untitled_1:PersistentLevel.SkySphere"
[2015.06.24-11.43.37:608][468]LogParticles: Destroying 0 GPU particle simulations for FXSystem 0x000000000ECDFF60
[2015.06.24-11.45.38:195][494]LogEditorViewport: Clicking on Actor (LMB): BP_Sky_Sphere_C (Sky Sphere)
[2015.06.24-11.45.39:302][577]BlueprintLog: New page: Pre-PIE auto-recompile
[2015.06.24-11.45.39:315][577]LogPlayLevel: [PIE] Compiling RunGameMode before PIE...
[2015.06.24-11.45.39:451][577]LogPlayLevel: PIE:  Blueprint regeneration took 149 ms (1 blueprints)
[2015.06.24-11.45.39:452][577]PIE: New page: SIE session: Untitled_1 (Jun 24, 2015, 3:45:39 PM)
[2015.06.24-11.45.39:452][577]LogPlayLevel: Creating play world package: /Temp/UEDPIE_0_Untitled_1
[2015.06.24-11.45.39:454][577]LogPlayLevel: PIE: StaticDuplicateObject took: (0.001946s)
[2015.06.24-11.45.39:455][577]LogAIModule: Creating AISystem for world Untitled_1
[2015.06.24-11.45.39:455][577]LogPlayLevel: PIE: World Init took: (0.001337s)
[2015.06.24-11.45.39:455][577]LogPlayLevel: PIE: Created PIE world by copying editor world from /Temp/Untitled_1.Untitled_1 to /Temp/UEDPIE_0_Untitled_1.Untitled_1 (0.003453s)
[2015.06.24-11.45.39:500][577]LogSelection:Warning: PIE object was selected: "BP_Sky_Sphere_C /Temp/UEDPIE_0_Untitled_1.Untitled_1:PersistentLevel.SkySphere"
[2015.06.24-11.45.39:532][577]LogInit: XAudio2 using 'Haut-parleurs (6- Logitech G930 Headset)' : 2 channels at 44.1 kHz using 16 bits per sample (channel mask 0x3)
[2015.06.24-11.45.39:540][577]LogInit: FAudioDevice initialized.
[2015.06.24-11.45.39:570][577]LogUObjectGlobals:Warning: Failed to find object 'Class /Game/ThirdPersonBP/Blueprints/ThirdPersonGameMode.ThirdPersonGameMode_C'
[2015.06.24-11.45.39:570][577]LogWorld: Game class is 'GameMode'
[2015.06.24-11.45.39:574][577]LogWorld: Bringing World /Temp/UEDPIE_0_Untitled_1.Untitled_1 up for play (max tick rate 0) at 2015.06.24-13.45.39
[2015.06.24-11.45.39:574][577]LogActor:Warning: GameSession /Temp/UEDPIE_0_Untitled_1.Untitled_1:PersistentLevel.GameSession_3 has natively added scene component(s), but none of them were set as the actor's RootComponent - picking one arbitrarily
[2015.06.24-11.45.39:574][577]LogActor:Warning: GameNetworkManager /Temp/UEDPIE_0_Untitled_1.Untitled_1:PersistentLevel.GameNetworkManager_5 has natively added scene component(s), but none of them were set as the actor's RootComponent - picking one arbitrarily
[2015.06.24-11.45.39:574][577]LogWorld: Bringing up level for play took: 0.001769
[2015.06.24-11.45.39:576][577]PIE: Info Play in editor start time for /Temp/UEDPIE_0_Untitled_1 0.291
[2015.06.24-11.45.39:582][577]LogSelection:Warning: PIE object was selected: "BP_Sky_Sphere_C /Temp/UEDPIE_0_Untitled_1.Untitled_1:PersistentLevel.SkySphere"
[2015.06.24-11.45.43:049][773]LogParticles: Destroying 0 GPU particle simulations for FXSystem 0x000000000AAF2A20
[2015.06.24-11.45.46:144][ 10]LogPlayLevel: PIE:  No blueprints needed recompiling
[2015.06.24-11.45.46:144][ 10]PIE: New page: SIE session: Untitled_1 (Jun 24, 2015, 3:45:46 PM)
[2015.06.24-11.45.46:144][ 10]LogPlayLevel: Creating play world package: /Temp/UEDPIE_0_Untitled_1
[2015.06.24-11.45.46:146][ 10]LogPlayLevel: PIE: StaticDuplicateObject took: (0.001790s)
[2015.06.24-11.45.46:147][ 10]LogAIModule: Creating AISystem for world Untitled_1
[2015.06.24-11.45.46:147][ 10]LogPlayLevel: PIE: World Init took: (0.001214s)
[2015.06.24-11.45.46:147][ 10]LogPlayLevel: PIE: Created PIE world by copying editor world from /Temp/Untitled_1.Untitled_1 to /Temp/UEDPIE_0_Untitled_1.Untitled_1 (0.003181s)
[2015.06.24-11.45.46:196][ 10]LogSelection:Warning: PIE object was selected: "BP_Sky_Sphere_C /Temp/UEDPIE_0_Untitled_1.Untitled_1:PersistentLevel.SkySphere"
[2015.06.24-11.45.46:228][ 10]LogInit: XAudio2 using 'Haut-parleurs (6- Logitech G930 Headset)' : 2 channels at 44.1 kHz using 16 bits per sample (channel mask 0x3)
[2015.06.24-11.45.46:235][ 10]LogInit: FAudioDevice initialized.
[2015.06.24-11.45.46:272][ 10]LogUObjectGlobals:Warning: Failed to find object 'Class /Game/ThirdPersonBP/Blueprints/ThirdPersonGameMode.ThirdPersonGameMode_C'
[2015.06.24-11.45.46:272][ 10]LogWorld: Game class is 'GameMode'
[2015.06.24-11.45.46:275][ 10]LogWorld: Bringing World /Temp/UEDPIE_0_Untitled_1.Untitled_1 up for play (max tick rate 0) at 2015.06.24-13.45.46
[2015.06.24-11.45.46:275][ 10]LogActor:Warning: GameSession /Temp/UEDPIE_0_Untitled_1.Untitled_1:PersistentLevel.GameSession_4 has natively added scene component(s), but none of them were set as the actor's RootComponent - picking one arbitrarily
[2015.06.24-11.45.46:276][ 10]LogActor:Warning: GameNetworkManager /Temp/UEDPIE_0_Untitled_1.Untitled_1:PersistentLevel.GameNetworkManager_6 has natively added scene component(s), but none of them were set as the actor's RootComponent - picking one arbitrarily
[2015.06.24-11.45.46:276][ 10]LogWorld: Bringing up level for play took: 0.001821
[2015.06.24-11.45.46:278][ 10]PIE: Info Play in editor start time for /Temp/UEDPIE_0_Untitled_1 0.992
[2015.06.24-11.45.46:284][ 10]LogSelection:Warning: PIE object was selected: "BP_Sky_Sphere_C /Temp/UEDPIE_0_Untitled_1.Untitled_1:PersistentLevel.SkySphere"
[2015.06.24-11.45.47:865][141]LogParticles: Destroying 0 GPU particle simulations for FXSystem 0x000000000AB4BEC0
[2015.06.24-11.45.57:132][868]LogPlayLevel: PIE:  No blueprints needed recompiling
[2015.06.24-11.45.57:132][868]PIE: New page: SIE session: Untitled_1 (Jun 24, 2015, 3:45:57 PM)
[2015.06.24-11.45.57:133][868]LogPlayLevel: Creating play world package: /Temp/UEDPIE_0_Untitled_1
[2015.06.24-11.45.57:135][868]LogPlayLevel: PIE: StaticDuplicateObject took: (0.001766s)
[2015.06.24-11.45.57:135][868]LogAIModule: Creating AISystem for world Untitled_1
[2015.06.24-11.45.57:136][868]LogPlayLevel: PIE: World Init took: (0.001266s)
[2015.06.24-11.45.57:136][868]LogPlayLevel: PIE: Created PIE world by copying editor world from /Temp/Untitled_1.Untitled_1 to /Temp/UEDPIE_0_Untitled_1.Untitled_1 (0.003212s)
[2015.06.24-11.45.57:185][868]LogSelection:Warning: PIE object was selected: "BP_Sky_Sphere_C /Temp/UEDPIE_0_Untitled_1.Untitled_1:PersistentLevel.SkySphere"
[2015.06.24-11.45.57:216][868]LogInit: XAudio2 using 'Haut-parleurs (6- Logitech G930 Headset)' : 2 channels at 44.1 kHz using 16 bits per sample (channel mask 0x3)
[2015.06.24-11.45.57:224][868]LogInit: FAudioDevice initialized.
[2015.06.24-11.45.57:254][868]LogUObjectGlobals:Warning: Failed to find object 'Class /Game/ThirdPersonBP/Blueprints/ThirdPersonGameMode.ThirdPersonGameMode_C'
[2015.06.24-11.45.57:254][868]LogWorld: Game class is 'GameMode'
[2015.06.24-11.45.57:257][868]LogWorld: Bringing World /Temp/UEDPIE_0_Untitled_1.Untitled_1 up for play (max tick rate 0) at 2015.06.24-13.45.57
[2015.06.24-11.45.57:257][868]LogActor:Warning: GameSession /Temp/UEDPIE_0_Untitled_1.Untitled_1:PersistentLevel.GameSession_5 has natively added scene component(s), but none of them were set as the actor's RootComponent - picking one arbitrarily
[2015.06.24-11.45.57:258][868]LogActor:Warning: GameNetworkManager /Temp/UEDPIE_0_Untitled_1.Untitled_1:PersistentLevel.GameNetworkManager_7 has natively added scene component(s), but none of them were set as the actor's RootComponent - picking one arbitrarily
[2015.06.24-11.45.57:258][868]LogWorld: Bringing up level for play took: 0.001767
[2015.06.24-11.45.57:259][868]PIE: Info Play in editor start time for /Temp/UEDPIE_0_Untitled_1 -0.026
[2015.06.24-11.45.57:266][868]LogSelection:Warning: PIE object was selected: "BP_Sky_Sphere_C /Temp/UEDPIE_0_Untitled_1.Untitled_1:PersistentLevel.SkySphere"
[2015.06.24-11.45.59:486][ 46]LogRenderer: Reallocating scene render targets to support 1208x840 (Frame:20540).
[2015.06.24-11.46.07:387][723]LogParticles: Destroying 0 GPU particle simulations for FXSystem 0x000000000AB49800
[2015.06.24-11.46.14:160][133]LogCrashTracker: 


[2015.06.24-11.46.18:358][133]LogCrashTracker: 


[2015.06.24-11.46.18:358][133]LogWindows: === Critical error: ===
Fatal error!

Unhandled Exception: EXCEPTION_ACCESS_VIOLATION reading address 0xffffffff

UE4Editor-GitSourceControl.dll!FGitSourceControlProvider::Tick() {0x000007fec87f7524} + 0 bytes
UE4Editor-GitSourceControl.dll!FGitSourceControlProvider::ExecuteSynchronousCommand() {0x000007fec87e5d8c} + 0 bytes
UE4Editor-GitSourceControl.dll!FGitSourceControlProvider::Execute() {0x000007fec87e51ab} + 0 bytes
UE4Editor-GitSourceControl.dll!ISourceControlProvider::Execute() {0x000007fec87e58f6} + 0 bytes
UE4Editor-UnrealEd.dll!AddCheckoutPackageItems() {0x000007fed27e1ab2} + 82 bytes [d:\buildfarm\buildmachine_++depot+ue4-releases+4.8\engine\sou
UE4Editor-UnrealEd.dll!FEditorFileUtils::PromptToCheckoutPackages() {0x000007fed2823ad0} + 0 bytes [d:\buildfarm\buildmachine_++depot+ue4-releases+4.8\engine\sou
UE4Editor-UnrealEd.dll!FEditorFileUtils::PromptForCheckoutAndSave() {0x000007fed2822386} + 34 bytes [d:\buildfarm\buildmachine_++depot+ue4-releases+4.8\engine\sou
UE4Editor-UnrealEd.dll!InternalSavePackages() {0x000007fed2812f3d} + 0 bytes [d:\buildfarm\buildmachine_++depot+ue4-releases+4.8\engine\sou
UE4Editor-UnrealEd.dll!FEditorFileUtils::SaveDirtyPackages() {0x000007fed282da4d} + 49 bytes [d:\buildfarm\buildmachine_++depot+ue4-releases+4.8\engine\sou
UE4Editor-MainFrame.dll!FMainFrameActionCallbacks::SaveAll() {0x000007fec8c6c929} + 0 bytes [d:\buildfarm\buildmachine_++depot+ue4-releases+4.8\engine\sou
UE4Editor-MainFrame.dll!TBaseStaticDelegateInstance<void __cdecl(void)>::ExecuteIfSafe() {0x000007fec8c510f7} + 0 bytes [d:\buildfarm\buildmachine_++depot+ue4-releases+4.8\engine\sou
UE4Editor-Slate.dll!FUICommandList::ConditionalProcessCommandBindings() {0x000007fed4c52539} + 8 bytes [d:\buildfarm\buildmachine_++depot+ue4-releases+4.8\engine\sou
UE4Editor-Slate.dll!FUICommandList::ProcessCommandBindings() {0x000007fed4ca659c} + 0 bytes [d:\buildfarm\buildmachine_++depot+ue4-releases+4.8\engine\sou
UE4Editor-MainFrame.dll!FMainFrameActionCallbacks::OnUnhandledKeyDownEvent() {0x000007fec8c6483e} + 0 bytes [d:\buildfarm\buildmachine_++depot+ue4-releases+4.8\engine\sou
UE4Editor-MainFrame.dll!TTupleImpl<TIntegerSequence<> >::ApplyAfter_ExplicitReturnType<FReply,FReply (__cdecl*const & __ptr64)(FKeyEvent const & __ptr64),FKeyEvent const & __ptr64>() {0x000007fec8c279af} + 11 bytes [d:\buildfarm\buildmachine_++depot+ue4-releases+4.8\engine\sou
UE4Editor-MainFrame.dll!TBaseStaticDelegateInstance<FReply __cdecl(FKeyEvent const & __ptr64)>::Execute() {0x000007fec8c50bc1} + 24 bytes [d:\buildfarm\buildmachine_++depot+ue4-releases+4.8\engine\sou
UE4Editor-Slate.dll!TBaseDelegate<FReply,FKeyEvent const & __ptr64>::Execute() {0x000007fed4c629ba} + 6 bytes [d:\buildfarm\buildmachine_++depot+ue4-releases+4.8\engine\sou
UE4Editor-Slate.dll!FSlateApplication::ProcessKeyDownEvent() {0x000007fed4ca7468} + 22 bytes [d:\buildfarm\buildmachine_++depot+ue4-releases+4.8\engine\sou
UE4Editor-Slate.dll!FSlateApplication::OnKeyDown() {0x000007fed4c948e6} + 14 bytes [d:\buildfarm\buildmachine_++depot+ue4-releases+4.8\engine\sou
UE4Editor-Core.dll!FWindowsApplication::ProcessDeferredMessage() {0x000007fed860d0a3} + 0 bytes [d:\buildfarm\buildmachine_++depot+ue4-releases+4.8\engine\sou
UE4Editor-Core.dll!FWindowsApplication::DeferMessage() {0x000007fed85f4601} + 74 bytes [d:\buildfarm\buildmachine_++depot+ue4-releases+4.8\engine\sou
UE4Editor-Core.dll!FWindowsApplication::ProcessMessage() {0x000007fed860e9df} + 44 bytes [d:\buildfarm\buildmachine_++depot+ue4-releases+4.8\engine\sou
UE4Editor-Core.dll!FWindowsApplication::AppWndProc() {0x000007fed85ee1ea} + 0 bytes [d:\buildfarm\buildmachine_++depot+ue4-releases+4.8\engine\sou
USER32.dll {0x0000000077b19bd1} + 0 bytes
USER32.dll {0x0000000077b198da} + 0 bytes
UE4Editor-Core.dll!FWindowsPlatformMisc::PumpMessages() {0x000007fed860fd96} + 48 bytes [d:\buildfarm\buildmachine_++depot+ue4-releases+4.8\engine\sou
UE4Editor.exe!FEngineLoop::Tick() {0x000000013f093c7a} + 8 bytes [d:\buildfarm\buildmachine_++depot+ue4-releases+4.8\engine\sou
UE4Editor.exe!GuardedMain() {0x000000013f0849cc} + 0 bytes [d:\buildfarm\buildmachine_++depot+ue4-releases+4.8\engine\sou
UE4Editor.exe!GuardedMainWrapper() {0x000000013f084a4a} + 5 bytes [d:\buildfarm\buildmachine_++depot+ue4-releases+4.8\engine\sou
UE4Editor.exe!WinMain() {0x000000013f0965b9} + 17 bytes [d:\buildfarm\buildmachine_++depot+ue4-releases+4.8\engine\sou
UE4Editor.exe!__tmainCRTStartup() {0x000000013f0975b9} + 21 bytes [f:\dd\vctools\crt\crtw32\dllstuff\crtexe.c:618]
kernel32.dll {0x00000000779f59cd} + 0 bytes
ntdll.dll {0x0000000077c2b981} + 0 bytes
ntdll.dll {0x0000000077c2b981} + 0 bytes

