[2015.06.26-09.31.29:870][  0]Log file open, 06/26/15 11:31:29
[2015.06.26-09.31.29:870][  0]LogInit:Display: Running engine for game: MazeRunner
[2015.06.26-09.31.29:870][  0]LogInit:Display: RandInit(257591649) SRandInit(257591649).
[2015.06.26-09.31.29:870][  0]LogTaskGraph: Started task graph with 4 named threads and 7 total threads.
[2015.06.26-09.31.29:870][  0]LogStats: Stats thread started
[2015.06.26-09.31.29:870][  0]LogInit: Version: 4.8.1-2591939+++depot+UE4-Releases+4.8
[2015.06.26-09.31.29:870][  0]LogInit: API Version: 2579680
[2015.06.26-09.31.29:870][  0]LogInit: Compiled (64-bit): Jun 18 2015 11:02:04
[2015.06.26-09.31.29:870][  0]LogInit: Compiled with Visual C++: 18.00.21005.01
[2015.06.26-09.31.29:870][  0]LogInit: Build Configuration: Development
[2015.06.26-09.31.29:870][  0]LogInit: Branch Name: ++depot+UE4-Releases+4.8
[2015.06.26-09.31.29:870][  0]LogInit: Command line: 
[2015.06.26-09.31.29:870][  0]LogInit: Base directory: C:/Program Files/Epic Games/4.8/Engine/Binaries/Win64/
[2015.06.26-09.31.29:870][  0]LogInit: Rocket: 1
[2015.06.26-09.31.29:884][  0]LogInit: Using libcurl 7.41.0
[2015.06.26-09.31.29:884][  0]LogInit:  - built for x86_64-pc-win32
[2015.06.26-09.31.29:884][  0]LogInit:  - supports SSL with WinSSL
[2015.06.26-09.31.29:884][  0]LogInit:  - other features:
[2015.06.26-09.31.29:884][  0]LogInit:      CURL_VERSION_SSL
[2015.06.26-09.31.29:884][  0]LogInit:      CURL_VERSION_IPV6
[2015.06.26-09.31.29:884][  0]LogInit:      CURL_VERSION_ASYNCHDNS
[2015.06.26-09.31.29:884][  0]LogInit:      CURL_VERSION_LARGEFILE
[2015.06.26-09.31.29:884][  0]LogInit:      CURL_VERSION_IDN
[2015.06.26-09.31.29:885][  0]LogInit:  CurlRequestOptions (configurable via config and command line):
[2015.06.26-09.31.29:885][  0]LogInit:  - bVerifyPeer = true  - Libcurl will verify peer certificate
[2015.06.26-09.31.29:885][  0]LogInit:  - bUseHttpProxy = false  - Libcurl will NOT use HTTP proxy
[2015.06.26-09.31.29:885][  0]LogInit:  - bDontReuseConnections = false  - Libcurl will reuse connections
[2015.06.26-09.31.29:885][  0]LogInit:  - CertBundlePath = nullptr  - Libcurl will use whatever was configured at build time.
[2015.06.26-09.31.29:897][  0]LogOnline:Warning: No default platform service specified for OnlineSubsystem
[2015.06.26-09.31.29:913][  0]LogInit: Presizing for 0 objects not considered by GC, pre-allocating 0 bytes.
[2015.06.26-09.31.29:921][  0]LogInit: Object subsystem initialized
[2015.06.26-09.31.29:922][  0]LogConsoleResponse:Warning: Skipping Unknown console variable: 'TranslucentSortAxis = (X=0.000000,Y=-1.000000,Z=0.000000)'
[2015.06.26-09.31.29:923][  0]LogConsoleResponse:Warning:   Found in ini file 'D:/Repos/Catopsys/Engines/trunk/UE4/MazeRunner/Saved/Config/Windows/Engine.ini', in section '[/Script/Engine.RendererSettings]'
[2015.06.26-09.31.29:923][  0]LogConsoleResponse:Warning: Skipping Unknown console variable: 'UIScaleRule = ShortestSide'
[2015.06.26-09.31.29:923][  0]LogConsoleResponse:Warning:   Found in ini file 'D:/Repos/Catopsys/Engines/trunk/UE4/MazeRunner/Saved/Config/Windows/Engine.ini', in section '[/Script/Engine.RendererSettings]'
[2015.06.26-09.31.29:923][  0]LogConsoleResponse:Warning: Skipping Unknown console variable: 'UIScaleCurve = (EditorCurveData=(Keys=),ExternalCurve=None)'
[2015.06.26-09.31.29:923][  0]LogConsoleResponse:Warning:   Found in ini file 'D:/Repos/Catopsys/Engines/trunk/UE4/MazeRunner/Saved/Config/Windows/Engine.ini', in section '[/Script/Engine.RendererSettings]'
[2015.06.26-09.31.29:924][  0]LogInit: Selected Device Profile: [Windows]
[2015.06.26-09.31.29:924][  0]LogInit: Applying CVar settings loaded from the selected device profile: [Windows]
[2015.06.26-09.31.29:946][  0]LogInit: Computer: CATOPSYS-DEV-06
[2015.06.26-09.31.29:946][  0]LogInit: User: ihadjiat
[2015.06.26-09.31.29:946][  0]LogInit: CPU Page size=4096, Cores=4
[2015.06.26-09.31.29:946][  0]LogInit: High frequency timer resolution =3.919560 MHz
[2015.06.26-09.31.29:946][  0]LogMemory: Memory total: Physical=15.9GB (16GB approx)
[2015.06.26-09.31.29:946][  0]LogMemory: Platform Memory Stats for Windows
[2015.06.26-09.31.29:946][  0]LogMemory: Process Physical Memory: 50.54 MB used, 50.54 MB peak
[2015.06.26-09.31.29:946][  0]LogMemory: Process Virtual Memory: 24.53 MB used, 24.53 MB peak
[2015.06.26-09.31.29:946][  0]LogMemory: Physical Memory: 4508.36 MB used, 16282.96 MB total
[2015.06.26-09.31.29:946][  0]LogMemory: Virtual Memory: 284.93 MB used, 8388608.00 MB total
[2015.06.26-09.31.29:984][  0]LogTextLocalizationManager: The requested culture ('fr_FR') has no localization data; falling back to 'en' for localization and internationalization data.
[2015.06.26-09.31.30:229][  0]LogTextLocalizationManager:Warning: Loaded localization resources contain conflicting entries for (Namespace:ContentBrowser, Key:ImportAssetToolTip):
Localization Resource: (C:/Program Files/Epic Games/4.8/Engine/Content/Localization/Editor/en/Editor.locres) Source String Hash: (-630476809) Localized String: (Import to {0}...)
Localization Resource: (C:/Program Files/Epic Games/4.8/Engine/Content/Localization/Editor/en/Editor.locres) Source String Hash: (1271782899) Localized String: (Imports an asset from file to this folder.)
[2015.06.26-09.31.30:832][  0]LogD3D11RHI: Found D3D11 adapter 0: ATI FirePro V(FireGL V) Graphics Adapter (Feature Level 11_0)
[2015.06.26-09.31.30:832][  0]LogD3D11RHI: Adapter has 4078MB of dedicated video memory, 0MB of dedicated system memory, and 3840MB of shared system memory, 3 output[s]
[2015.06.26-09.31.30:832][  0]LogD3D11RHI: Chosen D3D11 Adapter Id = 0
[2015.06.26-09.31.30:838][  0]LogRHI: Texture pool is 1361 MB (70% of 1945 MB)
[2015.06.26-09.31.30:853][  0]LogD3D11RHI: Async texture creation disabled: no driver support
[2015.06.26-09.31.30:865][  0]LogShaderCompilers:Display: Using Local Shader Compiler.
[2015.06.26-09.31.31:728][  0]LogTemp:Display: Loaded TP DesktopTargetPlatform
[2015.06.26-09.31.31:744][  0]LogTemp:Display: Loaded TP WindowsClientTargetPlatform
[2015.06.26-09.31.31:761][  0]LogTemp:Display: Loaded TP WindowsNoEditorTargetPlatform
[2015.06.26-09.31.31:778][  0]LogTemp:Display: Loaded TP WindowsServerTargetPlatform
[2015.06.26-09.31.31:797][  0]LogTemp:Display: Loaded TP WindowsTargetPlatform
[2015.06.26-09.31.31:812][  0]LogTemp:Display: Loaded TP AndroidTargetPlatform
[2015.06.26-09.31.31:827][  0]LogTemp:Display: Loaded TP Android_ASTCTargetPlatform
[2015.06.26-09.31.31:842][  0]LogTemp:Display: Loaded TP Android_ATCTargetPlatform
[2015.06.26-09.31.31:856][  0]LogTemp:Display: Loaded TP Android_DXTTargetPlatform
[2015.06.26-09.31.31:871][  0]LogTemp:Display: Loaded TP Android_ETC1TargetPlatform
[2015.06.26-09.31.31:886][  0]LogTemp:Display: Loaded TP Android_ETC2TargetPlatform
[2015.06.26-09.31.31:901][  0]LogTemp:Display: Loaded TP Android_PVRTCTargetPlatform
[2015.06.26-09.31.31:954][  0]LogTemp:Display: Loaded TP IOSTargetPlatform
[2015.06.26-09.31.31:968][  0]LogTemp:Display: Loaded TP LinuxNoEditorTargetPlatform
[2015.06.26-09.31.31:983][  0]LogTemp:Display: Loaded TP LinuxServerTargetPlatform
[2015.06.26-09.31.32:001][  0]LogTemp:Display: Loaded TP LinuxTargetPlatform
[2015.06.26-09.31.32:001][  0]LogTargetPlatformManager:Display: Building Assets For Windows
[2015.06.26-09.31.32:233][  0]LogDerivedDataCache:Display: Max Cache Size: 512 MB
[2015.06.26-09.31.32:314][  0]LogDerivedDataCache: Loaded boot cache 0.08s 53MB C:/Users/ihadjiat.PRIV.000/AppData/Local/UnrealEngine/4.8/DerivedDataCache/Boot.ddc.
[2015.06.26-09.31.32:314][  0]LogDerivedDataCache:Display: Loaded Boot cache: C:/Users/ihadjiat.PRIV.000/AppData/Local/UnrealEngine/4.8/DerivedDataCache/Boot.ddc
[2015.06.26-09.31.32:314][  0]LogDerivedDataCache: FDerivedDataBackendGraph:  Pak pak cache file D:/Repos/Catopsys/Engines/trunk/UE4/MazeRunner/DerivedDataCache/DDC.ddp not found, will not use a pak cache.
[2015.06.26-09.31.32:314][  0]LogDerivedDataCache: Unable to find inner node Pak for hierarchical cache Hierarchy.
[2015.06.26-09.31.32:314][  0]LogDerivedDataCache: FDerivedDataBackendGraph:  CompressedPak pak cache file D:/Repos/Catopsys/Engines/trunk/UE4/MazeRunner/DerivedDataCache/Compressed.ddp not found, will not use a pak cache.
[2015.06.26-09.31.32:314][  0]LogDerivedDataCache: Unable to find inner node CompressedPak for hierarchical cache Hierarchy.
[2015.06.26-09.31.32:468][  0]LogDerivedDataCache:Display: Pak cache opened for reading ../../../Engine/DerivedDataCache/Compressed.ddp.
[2015.06.26-09.31.32:479][  0]LogDerivedDataCache: Using Local data cache path C:/Users/ihadjiat.PRIV.000/AppData/Local/UnrealEngine/Common/DerivedDataCache: Writable
[2015.06.26-09.31.32:771][  0]LogInit: Selected Device Profile: [Windows]
[2015.06.26-09.31.32:782][  0]ImportText (ComponentSweepMultiTests): Missing closing parenthesis: (RootShapeAsset="/Engine/BasicShapes/Cube.Cube",ShapeType="TriggerCapsule",HitResult=(Time=0.50,Location=(X=-100.000015,Y=0.0,Z=100.000015),ImpactPoint=(X=-50.0,Y=0.0,Z=50.0),Normal=(X=-1.0,Y=-0.0,Z=0.0),ImpactNormal=(X=0.0,Y=0.0,Z=1.0),TraceStart=(X=-200.0,Y=0.0,Z=200.0),TraceEnd=(X=0.0,Y=0.0,Z=0.0))
[2015.06.26-09.31.32:782][  0]ImportText (LineTraceSingleByChannelTests): Missing closing parenthesis: (RootShapeAsset="/Engine/BasicShapes/Cube.Cube",HitResult=(Time=0.50,Location=(X=-100.000015,Y=0.0,Z=100.000015),ImpactPoint=(X=-50.0,Y=0.0,Z=50.0),Normal=(X=-1.0,Y=-0.0,Z=0.0),ImpactNormal=(X=0.0,Y=0.0,Z=1.0),TraceStart=(X=-200.0,Y=0.0,Z=200.0),TraceEnd=(X=0.0,Y=0.0,Z=0.0))
[2015.06.26-09.31.32:813][  0]LogMeshUtilities: No automatic mesh reduction module available
[2015.06.26-09.31.32:813][  0]LogMeshUtilities: No automatic mesh merging module available
[2015.06.26-09.31.33:353][  0]LogInit: WinSock: version 1.1 (2.2), MaxSocks=32767, MaxUdp=65467
[2015.06.26-09.31.34:542][  0]UdpMessaging: Initializing bridge on interface 0.0.0.0:0 to multicast group 230.0.0.1:6666.
[2015.06.26-09.31.34:976][  0]SourceControl: Info Source control is disabled
[2015.06.26-09.31.34:976][  0]SourceControl: Info Source control is disabled
[2015.06.26-09.31.34:988][  0]SourceControl: Info Source control is disabled
[2015.06.26-09.31.34:999][  0]SourceControl: Info Source control is disabled
[2015.06.26-09.31.35:294][  0]LogObj: 26273 objects as part of root set at end of initial load.
[2015.06.26-09.31.35:294][  0]LogUObjectAllocator: 5409248 out of 0 bytes used by permanent object pool.
[2015.06.26-09.31.35:372][  0]LogEngine: Initializing Engine...
[2015.06.26-09.31.35:375][  0]LogHMD: Can't find Oculus library dev build: is proper Runtime installed? Version: 0.6.0.0
[2015.06.26-09.31.35:376][  0]LogHMD:Warning: SteamVR failed to initialize.  Error: 110
[2015.06.26-09.31.35:565][  0]LogAIModule: Creating AISystem for world NewWorld
[2015.06.26-09.31.35:599][  0]LogInit: XAudio2 using 'Haut-parleurs (6- Logitech G930 Headset)' : 2 channels at 44.1 kHz using 16 bits per sample (channel mask 0x3)
[2015.06.26-09.31.35:633][  0]LogInit: FAudioDevice initialized.
[2015.06.26-09.31.35:678][  0]LogDerivedDataCache: Saved boot cache 0.05s 53MB C:/Users/ihadjiat.PRIV.000/AppData/Local/UnrealEngine/4.8/DerivedDataCache/Boot.ddc.
[2015.06.26-09.31.35:690][  0]LogInit: Texture streaming: Disabled
[2015.06.26-09.31.35:717][  0]LogAnalytics: Creating configured Analytics provider AnalyticsET
[2015.06.26-09.31.35:717][  0]LogAnalytics: [UEEditor.Rocket.Release] APIServer = http://et2.epicgames.com/ET2/. AppVersion = 4.8.1-2591939+++depot+UE4-Releases+4.8
[2015.06.26-09.31.35:717][  0]LogAnalytics: [UEEditor.Rocket.Release] SetUserId d5bdeaa6483860f643998eb7fbf661da|6176f649f1174023a271b9b929452cb0|6f943df1-ac3d-4304-bc90-3ae20687ab72
[2015.06.26-09.31.35:717][  0]LogAnalytics: [UEEditor.Rocket.Release] AnalyticsET::StartSession
[2015.06.26-09.31.35:745][  0]LogInit: Transaction tracking system initialized
[2015.06.26-09.31.35:888][  0]BlueprintLog: New page: Editor Load
[2015.06.26-09.31.35:925][  0]LogAssetRegistry: FAssetRegistry took 0.0102 seconds to start up
[2015.06.26-09.31.35:925][  0]LogDirectoryWatcher:Warning: Failed to begin reading directory changes for ../../../Engine/Plugins/Experimental/CharacterAI/Content/. Error: 0
[2015.06.26-09.31.36:689][  0]LogConsoleManager:Warning: Console variable 'r.VSync' wasn't set ('GameSetting' has a lower priority than 'SystemSettingsIni')
[2015.06.26-09.31.36:689][  0]LogConsoleResponse:Display: 
[2015.06.26-09.31.36:821][  0]LogCook:Display: Done creating registry. It took  0.00s.
[2015.06.26-09.31.37:053][  0]SourceControl: Info Source control is disabled
[2015.06.26-09.31.37:053][  0]Cmd: MAP LOAD FILE="D:/Repos/Catopsys/Engines/trunk/UE4/MazeRunner/Content/ThirdPersonBP/Maps/ThirdPersonExampleMap.umap" TEMPLATE=0 SHOWPROGRESS=1 FEATURELEVEL=3
[2015.06.26-09.31.37:069][  0]LightingResults: New page: Lighting Build
[2015.06.26-09.31.37:082][  0]MapCheck: New page: Map Check
[2015.06.26-09.31.37:082][  0]LightingResults: New page: Lighting Build
[2015.06.26-09.31.37:096][  0]LogParticles: Destroying 0 GPU particle simulations for FXSystem 0x0000000018EE0B80
[2015.06.26-09.31.40:924][  0]LogAIModule: Creating AISystem for world ThirdPersonExampleMap
[2015.06.26-09.31.40:940][  0]LogEditorServer: Finished looking for orphan Actors (0.000 secs)
[2015.06.26-09.31.41:039][  0]Cmd: MAP CHECKDEP NOCLEARLOG
[2015.06.26-09.31.41:090][  0]MapCheck: Info Map check complete: 0 Error(s), 0 Warning(s), took 50.591ms to complete.
[2015.06.26-09.31.41:090][  0]LogFileHelpers: Loading map 'ThirdPersonExampleMap' took 4.036
[2015.06.26-09.31.41:355][  0]LogCollectionManager: Loaded 0 collections in 0.002097 seconds
[2015.06.26-09.31.41:367][  0]LogContentBrowser: Native class hierarchy populated in 0.0112 seconds. Added 1792 classes and 301 folders.
[2015.06.26-09.31.41:479][  0]LogContentBrowser: Native class hierarchy updated for 'WidgetCarousel' in 0.0004 seconds. Added 0 classes and 0 folders.
[2015.06.26-09.31.41:556][  0]LogContentBrowser: Native class hierarchy updated for 'AddContentDialog' in 0.0004 seconds. Added 0 classes and 0 folders.
[2015.06.26-09.31.41:584][  0]LogContentBrowser: Native class hierarchy updated for 'SceneOutliner' in 0.0004 seconds. Added 1 classes and 2 folders.
[2015.06.26-09.31.41:737][  0]LogCrashTracker: Crashtracker disabled due to settings.
[2015.06.26-09.31.41:747][  0]LogUObjectGlobals:Warning: Failed to find object 'Class None.'
[2015.06.26-09.31.41:779][  0]LogLoad: Full Startup: 14.51 seconds (BP compile: 1.21 seconds)
[2015.06.26-09.31.41:851][  0]LogContentStreaming: Texture pool size is 0.000000MB
[2015.06.26-09.31.41:998][  0]LogContentStreaming: Texture pool size now 1000 MB
[2015.06.26-09.31.42:243][  0]LogRenderer: Reallocating scene render targets to support 1208x680 (Frame:2).
[2015.06.26-09.31.42:910][  9]LogAssetRegistry: Asset discovery search completed in 6.9945 seconds
[2015.06.26-09.31.52:083][748]LogLinker:Warning: Asset '../../../Engine/Content/ArtTools/RenderToTexture/Macros/RenderToTextureMacros.uasset' has been saved with empty engine version. The asset will be loaded but may be incompatible.
[2015.06.26-09.31.52:145][748]LogLinker:Warning: Asset '../../../Engine/Content/ArtTools/RenderToTexture/Enums/RenderToTexture_Enum.uasset' has been saved with empty engine version. The asset will be loaded but may be incompatible.
[2015.06.26-09.31.56:140][895]LogRenderer: Reallocating scene render targets to support 1208x808 (Frame:1047).
[2015.06.26-09.33.56:984][335]LogActor:Warning: GameNetworkManager /Engine/Transient.World_5:PersistentLevel.GameNetworkManager_0 has natively added scene component(s), but none of them were set as the actor's RootComponent - picking one arbitrarily
[2015.06.26-09.34.47:484][969]BlueprintLog: New page: Compile RunGameMode
[2015.06.26-09.34.47:533][969]LogBlueprint:Error: [compiler RunGameMode] Error The type of  Object  is undetermined.  Connect something to  Cast To RunCharacter  to imply a specific type.
[2015.06.26-09.34.47:534][969]LogBlueprint:Error: [compiler RunGameMode] Error The current value of the ' Object ' pin is invalid: Unsupported type Object Wildcard on pin Object
[2015.06.26-09.34.47:670][969]LogActorComponent: UnregisterComponent: (/Engine/Transient.CharMoveComp) Not registered. Aborting.
[2015.06.26-09.34.47:671][969]LogActorComponent: UnregisterComponent: (/Engine/Transient.RotatingMovement447CCFE943B8101E285B0B86423D6EBA) Not registered. Aborting.
[2015.06.26-09.34.48:019][969]LogBlueprint:Warning: [compiler RunGameMode] Warning [0200.75] Compile of RunGameMode failed. 2 Fatal Issue(s) 0 Warning(s) [in 534 ms]
[2015.06.26-09.34.48:019][969]BlueprintEditorCompileResults:Error: Error The type of  Object  is undetermined.  Connect something to  Cast To RunCharacter  to imply a specific type.
[2015.06.26-09.34.48:019][969]BlueprintEditorCompileResults:Error: Error The current value of the ' Object ' pin is invalid: Unsupported type Object Wildcard on pin Object
[2015.06.26-09.34.48:019][969]BlueprintEditorCompileResults:Warning: Warning [0200.75] Compile of RunGameMode failed. 2 Fatal Issue(s) 0 Warning(s) [in 534 ms]
[2015.06.26-09.34.50:651][173]LogPlayLevel: PIE:  No blueprints needed recompiling
[2015.06.26-09.38.22:131][251]BlueprintLog: New page: Compile RunGameMode
[2015.06.26-09.38.22:235][251]LogActorComponent: UnregisterComponent: (/Engine/Transient.CharMoveComp) Not registered. Aborting.
[2015.06.26-09.38.22:235][251]LogActorComponent: UnregisterComponent: (/Engine/Transient.RotatingMovement447CCFE943B8101E285B0B86423D6EBA) Not registered. Aborting.
[2015.06.26-09.38.22:277][251]LogParticles: Destroying 0 GPU particle simulations for FXSystem 0x000000000F63C0E0
[2015.06.26-09.38.22:277][251]LogParticles: Destroying 0 GPU particle simulations for FXSystem 0x000000000F63D3A0
[2015.06.26-09.38.22:278][251]LogParticles: Destroying 0 GPU particle simulations for FXSystem 0x000000000F6005E0
[2015.06.26-09.38.22:315][251]BlueprintEditorCompileResults: Info [0415.04] Compile of RunGameMode successful! [in 183 ms]
[2015.06.26-09.38.48:142][737]LogActorComponent: UnregisterComponent: (/Engine/Transient.CharMoveComp) Not registered. Aborting.
[2015.06.26-09.38.48:143][737]LogActorComponent: UnregisterComponent: (/Engine/Transient.RotatingMovement447CCFE943B8101E285B0B86423D6EBA) Not registered. Aborting.
[2015.06.26-09.39.14:554][550]BlueprintLog: New page: Compile RunCharacter
[2015.06.26-09.39.14:811][550]LogActorComponent: UnregisterComponent: (/Engine/Transient.CharacterMovementComponent_0) Not registered. Aborting.
[2015.06.26-09.39.14:931][550]LogUObjectGlobals:Warning: Guid is in use by CapsuleComponent /Game/ThirdPersonBP/Maps/ThirdPersonExampleMap.ThirdPersonExampleMap:PersistentLevel.RunCharacter_C_1.CollisionCylinder and CapsuleComponent /Game/ThirdPersonBP/Maps/ThirdPersonExampleMap.ThirdPersonExampleMap:PersistentLevel.RunCharacter_C_0.CollisionCylinder, which should never happen in the editor but could happen at runtime with duplicate level loading or PIE
[2015.06.26-09.39.14:931][550]LogUObjectGlobals:Warning: Guid is in use by ArrowComponent /Game/ThirdPersonBP/Maps/ThirdPersonExampleMap.ThirdPersonExampleMap:PersistentLevel.RunCharacter_C_1.Arrow and ArrowComponent /Game/ThirdPersonBP/Maps/ThirdPersonExampleMap.ThirdPersonExampleMap:PersistentLevel.RunCharacter_C_0.Arrow, which should never happen in the editor but could happen at runtime with duplicate level loading or PIE
[2015.06.26-09.39.14:931][550]LogUObjectGlobals:Warning: Guid is in use by CharacterMovementComponent /Game/ThirdPersonBP/Maps/ThirdPersonExampleMap.ThirdPersonExampleMap:PersistentLevel.RunCharacter_C_1.CharMoveComp and CharacterMovementComponent /Game/ThirdPersonBP/Maps/ThirdPersonExampleMap.ThirdPersonExampleMap:PersistentLevel.RunCharacter_C_0.CharMoveComp, which should never happen in the editor but could happen at runtime with duplicate level loading or PIE
[2015.06.26-09.39.14:931][550]LogUObjectGlobals:Warning: Guid is in use by SkeletalMeshComponent /Game/ThirdPersonBP/Maps/ThirdPersonExampleMap.ThirdPersonExampleMap:PersistentLevel.RunCharacter_C_1.CharacterMesh0 and SkeletalMeshComponent /Game/ThirdPersonBP/Maps/ThirdPersonExampleMap.ThirdPersonExampleMap:PersistentLevel.RunCharacter_C_0.CharacterMesh0, which should never happen in the editor but could happen at runtime with duplicate level loading or PIE
[2015.06.26-09.39.15:185][550]BlueprintEditorCompileResults: Info [0467.91] Compile of RunCharacter successful! [in 630 ms]
[2015.06.26-09.39.17:125][669]LogPlayLevel: PIE:  No blueprints needed recompiling
[2015.06.26-09.39.17:134][669]PIE: New page: PIE session: ThirdPersonExampleMap (Jun 26, 2015, 1:39:17 PM)
[2015.06.26-09.39.17:134][669]LogPlayLevel: Creating play world package: /Game/ThirdPersonBP/Maps/UEDPIE_0_ThirdPersonExampleMap
[2015.06.26-09.39.17:166][669]LogPlayLevel: PIE: StaticDuplicateObject took: (0.031928s)
[2015.06.26-09.39.17:168][669]LogAIModule: Creating AISystem for world ThirdPersonExampleMap
[2015.06.26-09.39.17:169][669]LogPlayLevel: PIE: World Init took: (0.002755s)
[2015.06.26-09.39.17:169][669]LogPlayLevel: PIE: Created PIE world by copying editor world from /Game/ThirdPersonBP/Maps/ThirdPersonExampleMap.ThirdPersonExampleMap to /Game/ThirdPersonBP/Maps/UEDPIE_0_ThirdPersonExampleMap.ThirdPersonExampleMap (0.035297s)
[2015.06.26-09.39.17:169][669]LogActorComponent: UnregisterComponent: (/Engine/Transient.CharMoveComp) Not registered. Aborting.
[2015.06.26-09.39.17:256][669]LogInit: XAudio2 using 'Haut-parleurs (6- Logitech G930 Headset)' : 2 channels at 44.1 kHz using 16 bits per sample (channel mask 0x3)
[2015.06.26-09.39.17:264][669]LogInit: FAudioDevice initialized.
[2015.06.26-09.39.17:328][669]LogWorld: Game class is 'RunGameMode_C'
[2015.06.26-09.39.17:335][669]LogWorld: Bringing World /Game/ThirdPersonBP/Maps/UEDPIE_0_ThirdPersonExampleMap.ThirdPersonExampleMap up for play (max tick rate 0) at 2015.06.26-11.39.17
[2015.06.26-09.39.17:335][669]LogActor:Warning: GameSession /Game/ThirdPersonBP/Maps/UEDPIE_0_ThirdPersonExampleMap.ThirdPersonExampleMap:PersistentLevel.GameSession_0 has natively added scene component(s), but none of them were set as the actor's RootComponent - picking one arbitrarily
[2015.06.26-09.39.17:335][669]LogActor:Warning: GameNetworkManager /Game/ThirdPersonBP/Maps/UEDPIE_0_ThirdPersonExampleMap.ThirdPersonExampleMap:PersistentLevel.GameNetworkManager_1 has natively added scene component(s), but none of them were set as the actor's RootComponent - picking one arbitrarily
[2015.06.26-09.39.17:335][669]LogWorld: Bringing up level for play took: 0.005521
[2015.06.26-09.39.17:359][669]PIE: Info Play in editor start time for /Game/ThirdPersonBP/Maps/UEDPIE_0_ThirdPersonExampleMap 0.857
[2015.06.26-09.39.21:101][872]Cmd: RestartLevel
[2015.06.26-09.39.21:119][873]LogNet: Browse: /Game/ThirdPersonBP/Maps/ThirdPersonExampleMap?restart
[2015.06.26-09.39.21:119][873]LogLoad: LoadMap: /Game/ThirdPersonBP/Maps/ThirdPersonExampleMap
[2015.06.26-09.39.21:162][873]LogParticles: Destroying 0 GPU particle simulations for FXSystem 0x000000000F669440
[2015.06.26-09.39.21:185][873]Cmd: MEM
[2015.06.26-09.39.21:234][873]LogMemory: Platform Memory Stats for Windows
[2015.06.26-09.39.21:234][873]LogMemory: Process Physical Memory: 782.28 MB used, 796.05 MB peak
[2015.06.26-09.39.21:234][873]LogMemory: Process Virtual Memory: 668.74 MB used, 680.88 MB peak
[2015.06.26-09.39.21:234][873]LogMemory: Physical Memory: 5262.21 MB used, 16282.96 MB total
[2015.06.26-09.39.21:234][873]LogMemory: Virtual Memory: 1353.97 MB used, 8388608.00 MB total
[2015.06.26-09.39.21:234][873]LogMemory: 
[2015.06.26-09.39.21:234][873]Allocator Stats for TBB: (not implemented)
[2015.06.26-09.39.21:234][873]LogPlayLevel: Creating play world package: /Game/ThirdPersonBP/Maps/UEDPIE_0_ThirdPersonExampleMap
[2015.06.26-09.39.21:268][873]LogPlayLevel: PIE: StaticDuplicateObject took: (0.033040s)
[2015.06.26-09.39.21:269][873]LogAIModule: Creating AISystem for world ThirdPersonExampleMap
[2015.06.26-09.39.21:270][873]LogPlayLevel: PIE: World Init took: (0.002587s)
[2015.06.26-09.39.21:270][873]LogPlayLevel: PIE: Created PIE world by copying editor world from /Game/ThirdPersonBP/Maps/ThirdPersonExampleMap.ThirdPersonExampleMap to /Game/ThirdPersonBP/Maps/UEDPIE_0_ThirdPersonExampleMap.ThirdPersonExampleMap (0.035919s)
[2015.06.26-09.39.21:270][873]LogWorld: Game class is 'RunGameMode_C'
[2015.06.26-09.39.21:278][873]LogWorld: Bringing World /Game/ThirdPersonBP/Maps/UEDPIE_0_ThirdPersonExampleMap.ThirdPersonExampleMap up for play (max tick rate 0) at 2015.06.26-11.39.21
[2015.06.26-09.39.21:279][873]LogActor:Warning: GameSession /Game/ThirdPersonBP/Maps/UEDPIE_0_ThirdPersonExampleMap.ThirdPersonExampleMap:PersistentLevel.GameSession_1 has natively added scene component(s), but none of them were set as the actor's RootComponent - picking one arbitrarily
[2015.06.26-09.39.21:279][873]LogActor:Warning: GameNetworkManager /Game/ThirdPersonBP/Maps/UEDPIE_0_ThirdPersonExampleMap.ThirdPersonExampleMap:PersistentLevel.GameNetworkManager_2 has natively added scene component(s), but none of them were set as the actor's RootComponent - picking one arbitrarily
[2015.06.26-09.39.21:279][873]LogWorld: Bringing up level for play took: 0.005865
[2015.06.26-09.39.23:856][980]LogAIModule: Creating AISystem for world Level2
[2015.06.26-09.39.30:192][980]LogParticles: Destroying 0 GPU particle simulations for FXSystem 0x000000003A0068E0
[2015.06.26-09.39.30:218][980]Cmd: MAP LOAD FILE="D:/Repos/Catopsys/Engines/trunk/UE4/MazeRunner/Content/ThirdPersonBP/Maps/Level2.umap" TEMPLATE=0 SHOWPROGRESS=1 FEATURELEVEL=3
[2015.06.26-09.39.30:302][980]LightingResults: New page: Lighting Build
[2015.06.26-09.39.30:324][980]LoadErrors: New page: Loading map: Level2.umap
[2015.06.26-09.39.30:324][980]MapCheck: New page: Map Check
[2015.06.26-09.39.30:324][980]LightingResults: New page: Lighting Build
[2015.06.26-09.39.30:362][980]LogParticles: Destroying 0 GPU particle simulations for FXSystem 0x0000000024277420
[2015.06.26-09.39.30:512][980]LogAIModule: Creating AISystem for world Level2
[2015.06.26-09.39.30:564][980]LogEditorServer: Finished looking for orphan Actors (0.000 secs)
[2015.06.26-09.39.30:602][980]Cmd: MAP CHECKDEP NOCLEARLOG
[2015.06.26-09.39.30:659][980]MapCheck: Info Map check complete: 0 Error(s), 0 Warning(s), took 56.729ms to complete.
[2015.06.26-09.39.30:659][980]LogFileHelpers: Loading map 'Level2' took 2.067
[2015.06.26-09.39.32:391][ 99]LogPlayLevel: PIE:  No blueprints needed recompiling
[2015.06.26-09.39.32:391][ 99]PIE: New page: PIE session: Level2 (Jun 26, 2015, 1:39:32 PM)
[2015.06.26-09.39.32:392][ 99]LogPlayLevel: Creating play world package: /Game/ThirdPersonBP/Maps/UEDPIE_0_Level2
[2015.06.26-09.39.32:394][ 99]LogPlayLevel: PIE: StaticDuplicateObject took: (0.001918s)
[2015.06.26-09.39.32:395][ 99]LogAIModule: Creating AISystem for world Level2
[2015.06.26-09.39.32:395][ 99]LogPlayLevel: PIE: World Init took: (0.001255s)
[2015.06.26-09.39.32:395][ 99]LogPlayLevel: PIE: Created PIE world by copying editor world from /Game/ThirdPersonBP/Maps/Level2.Level2 to /Game/ThirdPersonBP/Maps/UEDPIE_0_Level2.Level2 (0.003373s)
[2015.06.26-09.39.32:395][ 99]LogActorComponent: UnregisterComponent: (/Engine/Transient.CharMoveComp) Not registered. Aborting.
[2015.06.26-09.39.32:472][ 99]LogInit: XAudio2 using 'Haut-parleurs (6- Logitech G930 Headset)' : 2 channels at 44.1 kHz using 16 bits per sample (channel mask 0x3)
[2015.06.26-09.39.32:480][ 99]LogInit: FAudioDevice initialized.
[2015.06.26-09.39.32:511][ 99]LogWorld: Game class is 'RunGameMode_C'
[2015.06.26-09.39.32:515][ 99]LogWorld: Bringing World /Game/ThirdPersonBP/Maps/UEDPIE_0_Level2.Level2 up for play (max tick rate 0) at 2015.06.26-11.39.32
[2015.06.26-09.39.32:515][ 99]LogActor:Warning: GameSession /Game/ThirdPersonBP/Maps/UEDPIE_0_Level2.Level2:PersistentLevel.GameSession_2 has natively added scene component(s), but none of them were set as the actor's RootComponent - picking one arbitrarily
[2015.06.26-09.39.32:515][ 99]LogActor:Warning: GameNetworkManager /Game/ThirdPersonBP/Maps/UEDPIE_0_Level2.Level2:PersistentLevel.GameNetworkManager_3 has natively added scene component(s), but none of them were set as the actor's RootComponent - picking one arbitrarily
[2015.06.26-09.39.32:515][ 99]LogWorld: Bringing up level for play took: 0.001745
[2015.06.26-09.39.32:548][ 99]PIE: Info Play in editor start time for /Game/ThirdPersonBP/Maps/UEDPIE_0_Level2 0.047
[2015.06.26-09.39.35:333][277]Cmd: RestartLevel
[2015.06.26-09.39.35:348][278]LogNet: Browse: /Game/ThirdPersonBP/Maps/Level2?restart
[2015.06.26-09.39.35:349][278]LogLoad: LoadMap: /Game/ThirdPersonBP/Maps/Level2
[2015.06.26-09.39.35:393][278]LogParticles: Destroying 0 GPU particle simulations for FXSystem 0x0000000024EAD440
[2015.06.26-09.39.35:411][278]Cmd: MEM
[2015.06.26-09.39.35:463][278]LogMemory: Platform Memory Stats for Windows
[2015.06.26-09.39.35:463][278]LogMemory: Process Physical Memory: 782.70 MB used, 810.25 MB peak
[2015.06.26-09.39.35:463][278]LogMemory: Process Virtual Memory: 667.08 MB used, 697.56 MB peak
[2015.06.26-09.39.35:464][278]LogMemory: Physical Memory: 5254.80 MB used, 16282.96 MB total
[2015.06.26-09.39.35:464][278]LogMemory: Virtual Memory: 1350.93 MB used, 8388608.00 MB total
[2015.06.26-09.39.35:464][278]LogMemory: 
[2015.06.26-09.39.35:464][278]Allocator Stats for TBB: (not implemented)
[2015.06.26-09.39.35:464][278]LogPlayLevel: Creating play world package: /Game/ThirdPersonBP/Maps/UEDPIE_0_Level2
[2015.06.26-09.39.35:466][278]LogPlayLevel: PIE: StaticDuplicateObject took: (0.002114s)
[2015.06.26-09.39.35:467][278]LogAIModule: Creating AISystem for world Level2
[2015.06.26-09.39.35:467][278]LogPlayLevel: PIE: World Init took: (0.001801s)
[2015.06.26-09.39.35:468][278]LogPlayLevel: PIE: Created PIE world by copying editor world from /Game/ThirdPersonBP/Maps/Level2.Level2 to /Game/ThirdPersonBP/Maps/UEDPIE_0_Level2.Level2 (0.004109s)
[2015.06.26-09.39.35:468][278]LogWorld: Game class is 'RunGameMode_C'
[2015.06.26-09.39.35:471][278]LogWorld: Bringing World /Game/ThirdPersonBP/Maps/UEDPIE_0_Level2.Level2 up for play (max tick rate 0) at 2015.06.26-11.39.35
[2015.06.26-09.39.35:471][278]LogActor:Warning: GameSession /Game/ThirdPersonBP/Maps/UEDPIE_0_Level2.Level2:PersistentLevel.GameSession_3 has natively added scene component(s), but none of them were set as the actor's RootComponent - picking one arbitrarily
[2015.06.26-09.39.35:472][278]LogActor:Warning: GameNetworkManager /Game/ThirdPersonBP/Maps/UEDPIE_0_Level2.Level2:PersistentLevel.GameNetworkManager_4 has natively added scene component(s), but none of them were set as the actor's RootComponent - picking one arbitrarily
[2015.06.26-09.39.35:472][278]LogWorld: Bringing up level for play took: 0.001708
[2015.06.26-09.40.06:350][951]Cmd: RestartLevel
[2015.06.26-09.40.06:367][952]LogNet: Browse: /Game/ThirdPersonBP/Maps/Level2?restart
[2015.06.26-09.40.06:367][952]LogLoad: LoadMap: /Game/ThirdPersonBP/Maps/Level2
[2015.06.26-09.40.06:414][952]LogParticles: Destroying 0 GPU particle simulations for FXSystem 0x000000002AACFF60
[2015.06.26-09.40.06:433][952]Cmd: MEM
[2015.06.26-09.40.06:484][952]LogMemory: Platform Memory Stats for Windows
[2015.06.26-09.40.06:484][952]LogMemory: Process Physical Memory: 788.79 MB used, 810.25 MB peak
[2015.06.26-09.40.06:484][952]LogMemory: Process Virtual Memory: 675.20 MB used, 697.56 MB peak
[2015.06.26-09.40.06:484][952]LogMemory: Physical Memory: 5254.34 MB used, 16282.96 MB total
[2015.06.26-09.40.06:484][952]LogMemory: Virtual Memory: 1359.59 MB used, 8388608.00 MB total
[2015.06.26-09.40.06:484][952]LogMemory: 
[2015.06.26-09.40.06:484][952]Allocator Stats for TBB: (not implemented)
[2015.06.26-09.40.06:484][952]LogPlayLevel: Creating play world package: /Game/ThirdPersonBP/Maps/UEDPIE_0_Level2
[2015.06.26-09.40.06:486][952]LogPlayLevel: PIE: StaticDuplicateObject took: (0.001985s)
[2015.06.26-09.40.06:487][952]LogAIModule: Creating AISystem for world Level2
[2015.06.26-09.40.06:488][952]LogPlayLevel: PIE: World Init took: (0.001881s)
[2015.06.26-09.40.06:488][952]LogPlayLevel: PIE: Created PIE world by copying editor world from /Game/ThirdPersonBP/Maps/Level2.Level2 to /Game/ThirdPersonBP/Maps/UEDPIE_0_Level2.Level2 (0.004072s)
[2015.06.26-09.40.06:489][952]LogWorld: Game class is 'RunGameMode_C'
[2015.06.26-09.40.06:492][952]LogWorld: Bringing World /Game/ThirdPersonBP/Maps/UEDPIE_0_Level2.Level2 up for play (max tick rate 0) at 2015.06.26-11.40.06
[2015.06.26-09.40.06:492][952]LogActor:Warning: GameSession /Game/ThirdPersonBP/Maps/UEDPIE_0_Level2.Level2:PersistentLevel.GameSession_4 has natively added scene component(s), but none of them were set as the actor's RootComponent - picking one arbitrarily
[2015.06.26-09.40.06:492][952]LogActor:Warning: GameNetworkManager /Game/ThirdPersonBP/Maps/UEDPIE_0_Level2.Level2:PersistentLevel.GameNetworkManager_5 has natively added scene component(s), but none of them were set as the actor's RootComponent - picking one arbitrarily
[2015.06.26-09.40.06:493][952]LogWorld: Bringing up level for play took: 0.001671
[2015.06.26-09.40.06:956][974]LogParticles: Destroying 0 GPU particle simulations for FXSystem 0x0000000024F320C0
[2015.06.26-09.40.14:856][546]BlueprintLog: New page: Compile RunCharacter
[2015.06.26-09.40.15:144][546]LogActorComponent: UnregisterComponent: (/Engine/Transient.CharMoveComp) Not registered. Aborting.
[2015.06.26-09.40.15:453][546]BlueprintEditorCompileResults: Info [0528.17] Compile of RunCharacter successful! [in 596 ms]
[2015.06.26-09.40.16:126][591]LogPlayLevel: PIE:  No blueprints needed recompiling
[2015.06.26-09.40.16:126][591]PIE: New page: PIE session: Level2 (Jun 26, 2015, 1:40:16 PM)
[2015.06.26-09.40.16:126][591]LogPlayLevel: Creating play world package: /Game/ThirdPersonBP/Maps/UEDPIE_0_Level2
[2015.06.26-09.40.16:128][591]LogPlayLevel: PIE: StaticDuplicateObject took: (0.001725s)
[2015.06.26-09.40.16:129][591]LogAIModule: Creating AISystem for world Level2
[2015.06.26-09.40.16:129][591]LogPlayLevel: PIE: World Init took: (0.001251s)
[2015.06.26-09.40.16:129][591]LogPlayLevel: PIE: Created PIE world by copying editor world from /Game/ThirdPersonBP/Maps/Level2.Level2 to /Game/ThirdPersonBP/Maps/UEDPIE_0_Level2.Level2 (0.003153s)
[2015.06.26-09.40.16:129][591]LogActorComponent: UnregisterComponent: (/Engine/Transient.CharMoveComp) Not registered. Aborting.
[2015.06.26-09.40.16:214][591]LogInit: XAudio2 using 'Haut-parleurs (6- Logitech G930 Headset)' : 2 channels at 44.1 kHz using 16 bits per sample (channel mask 0x3)
[2015.06.26-09.40.16:222][591]LogInit: FAudioDevice initialized.
[2015.06.26-09.40.16:296][591]LogWorld: Game class is 'RunGameMode_C'
[2015.06.26-09.40.16:299][591]LogWorld: Bringing World /Game/ThirdPersonBP/Maps/UEDPIE_0_Level2.Level2 up for play (max tick rate 0) at 2015.06.26-11.40.16
[2015.06.26-09.40.16:299][591]LogActor:Warning: GameSession /Game/ThirdPersonBP/Maps/UEDPIE_0_Level2.Level2:PersistentLevel.GameSession_5 has natively added scene component(s), but none of them were set as the actor's RootComponent - picking one arbitrarily
[2015.06.26-09.40.16:300][591]LogActor:Warning: GameNetworkManager /Game/ThirdPersonBP/Maps/UEDPIE_0_Level2.Level2:PersistentLevel.GameNetworkManager_6 has natively added scene component(s), but none of them were set as the actor's RootComponent - picking one arbitrarily
[2015.06.26-09.40.16:300][591]LogWorld: Bringing up level for play took: 0.001842
[2015.06.26-09.40.16:327][591]PIE: Info Play in editor start time for /Game/ThirdPersonBP/Maps/UEDPIE_0_Level2 -0.176
[2015.06.26-09.40.20:947][881]LogParticles: Destroying 0 GPU particle simulations for FXSystem 0x00000000360685E0
[2015.06.26-09.40.27:317][360]BlueprintLog: New page: Compile RunCharacter
[2015.06.26-09.40.27:606][360]LogActorComponent: UnregisterComponent: (/Engine/Transient.CharMoveComp) Not registered. Aborting.
[2015.06.26-09.40.27:924][360]BlueprintEditorCompileResults: Info [0540.65] Compile of RunCharacter successful! [in 606 ms]
[2015.06.26-09.40.28:819][427]LogPlayLevel: PIE:  No blueprints needed recompiling
[2015.06.26-09.40.28:819][427]PIE: New page: PIE session: Level2 (Jun 26, 2015, 1:40:28 PM)
[2015.06.26-09.40.28:820][427]LogPlayLevel: Creating play world package: /Game/ThirdPersonBP/Maps/UEDPIE_0_Level2
[2015.06.26-09.40.28:822][427]LogPlayLevel: PIE: StaticDuplicateObject took: (0.001785s)
[2015.06.26-09.40.28:822][427]LogAIModule: Creating AISystem for world Level2
[2015.06.26-09.40.28:823][427]LogPlayLevel: PIE: World Init took: (0.001442s)
[2015.06.26-09.40.28:823][427]LogPlayLevel: PIE: Created PIE world by copying editor world from /Game/ThirdPersonBP/Maps/Level2.Level2 to /Game/ThirdPersonBP/Maps/UEDPIE_0_Level2.Level2 (0.003427s)
[2015.06.26-09.40.28:823][427]LogActorComponent: UnregisterComponent: (/Engine/Transient.CharMoveComp) Not registered. Aborting.
[2015.06.26-09.40.28:906][427]LogInit: XAudio2 using 'Haut-parleurs (6- Logitech G930 Headset)' : 2 channels at 44.1 kHz using 16 bits per sample (channel mask 0x3)
[2015.06.26-09.40.28:914][427]LogInit: FAudioDevice initialized.
[2015.06.26-09.40.28:987][427]LogWorld: Game class is 'RunGameMode_C'
[2015.06.26-09.40.28:991][427]LogWorld: Bringing World /Game/ThirdPersonBP/Maps/UEDPIE_0_Level2.Level2 up for play (max tick rate 0) at 2015.06.26-11.40.28
[2015.06.26-09.40.28:991][427]LogActor:Warning: GameSession /Game/ThirdPersonBP/Maps/UEDPIE_0_Level2.Level2:PersistentLevel.GameSession_6 has natively added scene component(s), but none of them were set as the actor's RootComponent - picking one arbitrarily
[2015.06.26-09.40.28:991][427]LogActor:Warning: GameNetworkManager /Game/ThirdPersonBP/Maps/UEDPIE_0_Level2.Level2:PersistentLevel.GameNetworkManager_7 has natively added scene component(s), but none of them were set as the actor's RootComponent - picking one arbitrarily
[2015.06.26-09.40.28:991][427]LogWorld: Bringing up level for play took: 0.001959
[2015.06.26-09.40.29:020][427]PIE: Info Play in editor start time for /Game/ThirdPersonBP/Maps/UEDPIE_0_Level2 0.517
[2015.06.26-09.40.36:817][948]LogParticles: Destroying 0 GPU particle simulations for FXSystem 0x000000002AACE700
[2015.06.26-09.40.47:210][764]BlueprintLog: New page: Compile RunCharacter
[2015.06.26-09.40.47:499][764]LogActorComponent: UnregisterComponent: (/Engine/Transient.CharMoveComp) Not registered. Aborting.
[2015.06.26-09.40.47:813][764]BlueprintEditorCompileResults: Info [0560.53] Compile of RunCharacter successful! [in 603 ms]
[2015.06.26-09.40.48:537][817]LogPlayLevel: PIE:  No blueprints needed recompiling
[2015.06.26-09.40.48:537][817]PIE: New page: PIE session: Level2 (Jun 26, 2015, 1:40:48 PM)
[2015.06.26-09.40.48:537][817]LogPlayLevel: Creating play world package: /Game/ThirdPersonBP/Maps/UEDPIE_0_Level2
[2015.06.26-09.40.48:539][817]LogPlayLevel: PIE: StaticDuplicateObject took: (0.001759s)
[2015.06.26-09.40.48:540][817]LogAIModule: Creating AISystem for world Level2
[2015.06.26-09.40.48:540][817]LogPlayLevel: PIE: World Init took: (0.001281s)
[2015.06.26-09.40.48:540][817]LogPlayLevel: PIE: Created PIE world by copying editor world from /Game/ThirdPersonBP/Maps/Level2.Level2 to /Game/ThirdPersonBP/Maps/UEDPIE_0_Level2.Level2 (0.003220s)
[2015.06.26-09.40.48:540][817]LogActorComponent: UnregisterComponent: (/Engine/Transient.CharMoveComp) Not registered. Aborting.
[2015.06.26-09.40.48:621][817]LogInit: XAudio2 using 'Haut-parleurs (6- Logitech G930 Headset)' : 2 channels at 44.1 kHz using 16 bits per sample (channel mask 0x3)
[2015.06.26-09.40.48:629][817]LogInit: FAudioDevice initialized.
[2015.06.26-09.40.48:704][817]LogWorld: Game class is 'RunGameMode_C'
[2015.06.26-09.40.48:707][817]LogWorld: Bringing World /Game/ThirdPersonBP/Maps/UEDPIE_0_Level2.Level2 up for play (max tick rate 0) at 2015.06.26-11.40.48
[2015.06.26-09.40.48:707][817]LogActor:Warning: GameSession /Game/ThirdPersonBP/Maps/UEDPIE_0_Level2.Level2:PersistentLevel.GameSession_7 has natively added scene component(s), but none of them were set as the actor's RootComponent - picking one arbitrarily
[2015.06.26-09.40.48:708][817]LogActor:Warning: GameNetworkManager /Game/ThirdPersonBP/Maps/UEDPIE_0_Level2.Level2:PersistentLevel.GameNetworkManager_8 has natively added scene component(s), but none of them were set as the actor's RootComponent - picking one arbitrarily
[2015.06.26-09.40.48:708][817]LogWorld: Bringing up level for play took: 0.001804
[2015.06.26-09.40.48:738][817]PIE: Info Play in editor start time for /Game/ThirdPersonBP/Maps/UEDPIE_0_Level2 0.235
[2015.06.26-09.40.51:367][990]LogParticles: Destroying 0 GPU particle simulations for FXSystem 0x000000002AACF240
[2015.06.26-09.41.07:623][216]BlueprintLog: New page: Compile RunCharacter
[2015.06.26-09.41.07:907][216]LogActorComponent: UnregisterComponent: (/Engine/Transient.CharMoveComp) Not registered. Aborting.
[2015.06.26-09.41.08:226][216]BlueprintEditorCompileResults: Info [0580.95] Compile of RunCharacter successful! [in 603 ms]
[2015.06.26-09.41.09:381][301]LogPlayLevel: PIE:  No blueprints needed recompiling
[2015.06.26-09.41.09:381][301]PIE: New page: PIE session: Level2 (Jun 26, 2015, 1:41:09 PM)
[2015.06.26-09.41.09:381][301]LogPlayLevel: Creating play world package: /Game/ThirdPersonBP/Maps/UEDPIE_0_Level2
[2015.06.26-09.41.09:383][301]LogPlayLevel: PIE: StaticDuplicateObject took: (0.001984s)
[2015.06.26-09.41.09:384][301]LogAIModule: Creating AISystem for world Level2
[2015.06.26-09.41.09:385][301]LogPlayLevel: PIE: World Init took: (0.001418s)
[2015.06.26-09.41.09:385][301]LogPlayLevel: PIE: Created PIE world by copying editor world from /Game/ThirdPersonBP/Maps/Level2.Level2 to /Game/ThirdPersonBP/Maps/UEDPIE_0_Level2.Level2 (0.003587s)
[2015.06.26-09.41.09:385][301]LogActorComponent: UnregisterComponent: (/Engine/Transient.CharMoveComp) Not registered. Aborting.
[2015.06.26-09.41.09:469][301]LogInit: XAudio2 using 'Haut-parleurs (6- Logitech G930 Headset)' : 2 channels at 44.1 kHz using 16 bits per sample (channel mask 0x3)
[2015.06.26-09.41.09:477][301]LogInit: FAudioDevice initialized.
[2015.06.26-09.41.09:549][301]LogWorld: Game class is 'RunGameMode_C'
[2015.06.26-09.41.09:553][301]LogWorld: Bringing World /Game/ThirdPersonBP/Maps/UEDPIE_0_Level2.Level2 up for play (max tick rate 0) at 2015.06.26-11.41.09
[2015.06.26-09.41.09:553][301]LogActor:Warning: GameSession /Game/ThirdPersonBP/Maps/UEDPIE_0_Level2.Level2:PersistentLevel.GameSession_8 has natively added scene component(s), but none of them were set as the actor's RootComponent - picking one arbitrarily
[2015.06.26-09.41.09:553][301]LogActor:Warning: GameNetworkManager /Game/ThirdPersonBP/Maps/UEDPIE_0_Level2.Level2:PersistentLevel.GameNetworkManager_9 has natively added scene component(s), but none of them were set as the actor's RootComponent - picking one arbitrarily
[2015.06.26-09.41.09:554][301]LogWorld: Bringing up level for play took: 0.001823
[2015.06.26-09.41.09:578][301]PIE: Info Play in editor start time for /Game/ThirdPersonBP/Maps/UEDPIE_0_Level2 1.075
[2015.06.26-09.41.11:856][454]LogParticles: Destroying 0 GPU particle simulations for FXSystem 0x0000000024EAE520
[2015.06.26-09.41.21:523][197]BlueprintLog: New page: Pre-PIE auto-recompile
[2015.06.26-09.41.21:526][197]LogActorComponent: UnregisterComponent: (/Engine/Transient.CharMoveComp) Not registered. Aborting.
[2015.06.26-09.41.21:546][197]LogPlayLevel: [PIE] Compiling RunCharacter before PIE...
[2015.06.26-09.41.22:065][197]LogPlayLevel: [PIE] Compiling BP_Blocker before PIE...
[2015.06.26-09.41.22:153][197]LogPlayLevel: [PIE] Compiling BP_Items before PIE...
[2015.06.26-09.41.22:264][197]LogPlayLevel: [PIE] Compiling BP_FloorTile before PIE...
[2015.06.26-09.41.22:367][197]LogBlueprint:Warning: USimpleConstructionScript::FixupRootNodeParentReferences() - Couldn't find inherited parent component 'DefaultSceneRoot' for 'Box' in BlueprintGeneratedClass 'REINST_BP_FloorTile_LeftCorner_C_327' (it may have been removed)
[2015.06.26-09.41.22:531][197]LogBlueprint:Warning: USimpleConstructionScript::FixupRootNodeParentReferences() - Couldn't find inherited parent component 'DefaultSceneRoot' for 'StaticMesh' in BlueprintGeneratedClass 'REINST_BP_FloorTile_RampDown_C_331' (it may have been removed)
[2015.06.26-09.41.22:626][197]LogBlueprint:Warning: USimpleConstructionScript::FixupRootNodeParentReferences() - Couldn't find inherited parent component 'DefaultSceneRoot' for 'StaticMesh' in BlueprintGeneratedClass 'REINST_BP_FloorTile_RampUp_C_335' (it may have been removed)
[2015.06.26-09.41.22:722][197]LogBlueprint:Warning: USimpleConstructionScript::FixupRootNodeParentReferences() - Couldn't find inherited parent component 'DefaultSceneRoot' for 'Box' in BlueprintGeneratedClass 'REINST_BP_FloorTile_RightCorner_C_339' (it may have been removed)
[2015.06.26-09.41.23:045][197]LogPlayLevel: [PIE] Compiling BP_FloorTile_LeftCorner before PIE...
[2015.06.26-09.41.23:132][197]LogPlayLevel: [PIE] Compiling BP_FloorTile_RightCorner before PIE...
[2015.06.26-09.41.23:218][197]LogPlayLevel: [PIE] Compiling HUD before PIE...
[2015.06.26-09.41.23:324][197]LogPlayLevel: [PIE] Compiling RunGameMode before PIE...
[2015.06.26-09.41.23:454][197]LogPlayLevel: [PIE] Compiling BP_FloorTile_RampDown before PIE...
[2015.06.26-09.41.23:537][197]LogPlayLevel: [PIE] Compiling BP_FloorTile_RampUp before PIE...
[2015.06.26-09.41.23:707][197]LogPlayLevel: PIE:  Blueprint regeneration took 2183 ms (10 blueprints)
[2015.06.26-09.41.23:707][197]PIE: New page: PIE session: Level2 (Jun 26, 2015, 1:41:23 PM)
[2015.06.26-09.41.23:708][197]LogPlayLevel: Creating play world package: /Game/ThirdPersonBP/Maps/UEDPIE_0_Level2
[2015.06.26-09.41.23:710][197]LogPlayLevel: PIE: StaticDuplicateObject took: (0.001944s)
[2015.06.26-09.41.23:711][197]LogAIModule: Creating AISystem for world Level2
[2015.06.26-09.41.23:711][197]LogPlayLevel: PIE: World Init took: (0.001382s)
[2015.06.26-09.41.23:711][197]LogPlayLevel: PIE: Created PIE world by copying editor world from /Game/ThirdPersonBP/Maps/Level2.Level2 to /Game/ThirdPersonBP/Maps/UEDPIE_0_Level2.Level2 (0.003640s)
[2015.06.26-09.41.23:792][197]LogInit: XAudio2 using 'Haut-parleurs (6- Logitech G930 Headset)' : 2 channels at 44.1 kHz using 16 bits per sample (channel mask 0x3)
[2015.06.26-09.41.23:800][197]LogInit: FAudioDevice initialized.
[2015.06.26-09.41.23:879][197]LogWorld: Game class is 'RunGameMode_C'
[2015.06.26-09.41.23:883][197]LogWorld: Bringing World /Game/ThirdPersonBP/Maps/UEDPIE_0_Level2.Level2 up for play (max tick rate 0) at 2015.06.26-11.41.23
[2015.06.26-09.41.23:883][197]LogActor:Warning: GameSession /Game/ThirdPersonBP/Maps/UEDPIE_0_Level2.Level2:PersistentLevel.GameSession_9 has natively added scene component(s), but none of them were set as the actor's RootComponent - picking one arbitrarily
[2015.06.26-09.41.23:883][197]LogActor:Warning: GameNetworkManager /Game/ThirdPersonBP/Maps/UEDPIE_0_Level2.Level2:PersistentLevel.GameNetworkManager_10 has natively added scene component(s), but none of them were set as the actor's RootComponent - picking one arbitrarily
[2015.06.26-09.41.23:883][197]LogWorld: Bringing up level for play took: 0.001804
[2015.06.26-09.41.23:915][197]PIE: Info Play in editor start time for /Game/ThirdPersonBP/Maps/UEDPIE_0_Level2 1.411
[2015.06.26-09.41.23:979][198]LogCharacterMovement:Warning: GetSimulationTimeStep() - Max iterations 8 hit while remaining time 0.068854 > MaxSimulationTimeStep (0.050) for 'RunCharacter_C_8'
[2015.06.26-09.41.27:240][417]LogActorComponent: UnregisterComponent: (/Engine/Transient.CharMoveComp) Not registered. Aborting.
[2015.06.26-09.41.27:313][418]LogParticles: Destroying 0 GPU particle simulations for FXSystem 0x000000003230DB20
[2015.06.26-09.42.27:797][ 31]BlueprintLog: New page: Pre-PIE auto-recompile
[2015.06.26-09.42.27:799][ 31]LogActorComponent: UnregisterComponent: (/Engine/Transient.CharMoveComp) Not registered. Aborting.
[2015.06.26-09.42.27:818][ 31]LogPlayLevel: [PIE] Compiling RunCharacter before PIE...
[2015.06.26-09.42.28:344][ 31]LogPlayLevel: [PIE] Compiling BP_Blocker before PIE...
[2015.06.26-09.42.28:432][ 31]LogPlayLevel: [PIE] Compiling BP_Items before PIE...
[2015.06.26-09.42.28:544][ 31]LogPlayLevel: [PIE] Compiling BP_FloorTile before PIE...
[2015.06.26-09.42.28:647][ 31]LogBlueprint:Warning: USimpleConstructionScript::FixupRootNodeParentReferences() - Couldn't find inherited parent component 'DefaultSceneRoot' for 'Box' in BlueprintGeneratedClass 'REINST_BP_FloorTile_LeftCorner_C_405' (it may have been removed)
[2015.06.26-09.42.28:811][ 31]LogBlueprint:Warning: USimpleConstructionScript::FixupRootNodeParentReferences() - Couldn't find inherited parent component 'DefaultSceneRoot' for 'StaticMesh' in BlueprintGeneratedClass 'REINST_BP_FloorTile_RampDown_C_409' (it may have been removed)
[2015.06.26-09.42.28:906][ 31]LogBlueprint:Warning: USimpleConstructionScript::FixupRootNodeParentReferences() - Couldn't find inherited parent component 'DefaultSceneRoot' for 'StaticMesh' in BlueprintGeneratedClass 'REINST_BP_FloorTile_RampUp_C_413' (it may have been removed)
[2015.06.26-09.42.29:002][ 31]LogBlueprint:Warning: USimpleConstructionScript::FixupRootNodeParentReferences() - Couldn't find inherited parent component 'DefaultSceneRoot' for 'Box' in BlueprintGeneratedClass 'REINST_BP_FloorTile_RightCorner_C_417' (it may have been removed)
[2015.06.26-09.42.29:330][ 31]LogPlayLevel: [PIE] Compiling BP_FloorTile_LeftCorner before PIE...
[2015.06.26-09.42.29:416][ 31]LogPlayLevel: [PIE] Compiling BP_FloorTile_RightCorner before PIE...
[2015.06.26-09.42.29:503][ 31]LogPlayLevel: [PIE] Compiling HUD before PIE...
[2015.06.26-09.42.29:611][ 31]LogPlayLevel: [PIE] Compiling RunGameMode before PIE...
[2015.06.26-09.42.29:743][ 31]LogPlayLevel: [PIE] Compiling BP_FloorTile_RampDown before PIE...
[2015.06.26-09.42.29:827][ 31]LogPlayLevel: [PIE] Compiling BP_FloorTile_RampUp before PIE...
[2015.06.26-09.42.29:999][ 31]LogPlayLevel: PIE:  Blueprint regeneration took 2201 ms (10 blueprints)
[2015.06.26-09.42.29:999][ 31]PIE: New page: PIE session: Level2 (Jun 26, 2015, 1:42:29 PM)
[2015.06.26-09.42.30:000][ 31]LogPlayLevel: Creating play world package: /Game/ThirdPersonBP/Maps/UEDPIE_0_Level2
[2015.06.26-09.42.30:002][ 31]LogPlayLevel: PIE: StaticDuplicateObject took: (0.001959s)
[2015.06.26-09.42.30:002][ 31]LogAIModule: Creating AISystem for world Level2
[2015.06.26-09.42.30:003][ 31]LogPlayLevel: PIE: World Init took: (0.001336s)
[2015.06.26-09.42.30:003][ 31]LogPlayLevel: PIE: Created PIE world by copying editor world from /Game/ThirdPersonBP/Maps/Level2.Level2 to /Game/ThirdPersonBP/Maps/UEDPIE_0_Level2.Level2 (0.003530s)
[2015.06.26-09.42.30:084][ 31]LogInit: XAudio2 using 'Haut-parleurs (6- Logitech G930 Headset)' : 2 channels at 44.1 kHz using 16 bits per sample (channel mask 0x3)
[2015.06.26-09.42.30:093][ 31]LogInit: FAudioDevice initialized.
[2015.06.26-09.42.30:169][ 31]LogWorld: Game class is 'RunGameMode_C'
[2015.06.26-09.42.30:173][ 31]LogWorld: Bringing World /Game/ThirdPersonBP/Maps/UEDPIE_0_Level2.Level2 up for play (max tick rate 0) at 2015.06.26-11.42.30
[2015.06.26-09.42.30:173][ 31]LogActor:Warning: GameSession /Game/ThirdPersonBP/Maps/UEDPIE_0_Level2.Level2:PersistentLevel.GameSession_10 has natively added scene component(s), but none of them were set as the actor's RootComponent - picking one arbitrarily
[2015.06.26-09.42.30:174][ 31]LogActor:Warning: GameNetworkManager /Game/ThirdPersonBP/Maps/UEDPIE_0_Level2.Level2:PersistentLevel.GameNetworkManager_11 has natively added scene component(s), but none of them were set as the actor's RootComponent - picking one arbitrarily
[2015.06.26-09.42.30:174][ 31]LogWorld: Bringing up level for play took: 0.002057
[2015.06.26-09.42.30:200][ 31]PIE: Info Play in editor start time for /Game/ThirdPersonBP/Maps/UEDPIE_0_Level2 1.695
[2015.06.26-09.42.30:269][ 32]LogCharacterMovement:Warning: GetSimulationTimeStep() - Max iterations 8 hit while remaining time 0.070212 > MaxSimulationTimeStep (0.050) for 'RunCharacter_C_8'
[2015.06.26-09.42.34:674][314]LogActorComponent: UnregisterComponent: (/Engine/Transient.CharMoveComp) Not registered. Aborting.
[2015.06.26-09.42.34:749][315]LogParticles: Destroying 0 GPU particle simulations for FXSystem 0x000000002AEDB9C0
[2015.06.26-09.42.35:557][372]LogPlayLevel: PIE:  No blueprints needed recompiling
[2015.06.26-09.42.35:558][372]PIE: New page: PIE session: Level2 (Jun 26, 2015, 1:42:35 PM)
[2015.06.26-09.42.35:558][372]LogPlayLevel: Creating play world package: /Game/ThirdPersonBP/Maps/UEDPIE_0_Level2
[2015.06.26-09.42.35:560][372]LogPlayLevel: PIE: StaticDuplicateObject took: (0.001838s)
[2015.06.26-09.42.35:561][372]LogAIModule: Creating AISystem for world Level2
[2015.06.26-09.42.35:561][372]LogPlayLevel: PIE: World Init took: (0.001354s)
[2015.06.26-09.42.35:561][372]LogPlayLevel: PIE: Created PIE world by copying editor world from /Game/ThirdPersonBP/Maps/Level2.Level2 to /Game/ThirdPersonBP/Maps/UEDPIE_0_Level2.Level2 (0.003395s)
[2015.06.26-09.42.35:642][372]LogInit: XAudio2 using 'Haut-parleurs (6- Logitech G930 Headset)' : 2 channels at 44.1 kHz using 16 bits per sample (channel mask 0x3)
[2015.06.26-09.42.35:650][372]LogInit: FAudioDevice initialized.
[2015.06.26-09.42.35:682][372]LogWorld: Game class is 'RunGameMode_C'
[2015.06.26-09.42.35:685][372]LogWorld: Bringing World /Game/ThirdPersonBP/Maps/UEDPIE_0_Level2.Level2 up for play (max tick rate 0) at 2015.06.26-11.42.35
[2015.06.26-09.42.35:685][372]LogActor:Warning: GameSession /Game/ThirdPersonBP/Maps/UEDPIE_0_Level2.Level2:PersistentLevel.GameSession_11 has natively added scene component(s), but none of them were set as the actor's RootComponent - picking one arbitrarily
[2015.06.26-09.42.35:686][372]LogActor:Warning: GameNetworkManager /Game/ThirdPersonBP/Maps/UEDPIE_0_Level2.Level2:PersistentLevel.GameNetworkManager_12 has natively added scene component(s), but none of them were set as the actor's RootComponent - picking one arbitrarily
[2015.06.26-09.42.35:686][372]LogWorld: Bringing up level for play took: 0.001768
[2015.06.26-09.42.35:711][372]PIE: Info Play in editor start time for /Game/ThirdPersonBP/Maps/UEDPIE_0_Level2 -0.794
[2015.06.26-09.42.52:028][360]LogParticles: Destroying 0 GPU particle simulations for FXSystem 0x000000003230F600
[2015.06.26-09.45.11:964][ 95]BlueprintLog: New page: Compile RunCharacter
[2015.06.26-09.45.12:266][ 95]LogActorComponent: UnregisterComponent: (/Engine/Transient.CharMoveComp) Not registered. Aborting.
[2015.06.26-09.45.12:584][ 95]BlueprintEditorCompileResults: Info [0825.30] Compile of RunCharacter successful! [in 620 ms]
[2015.06.26-09.45.14:262][216]LogPlayLevel: PIE:  No blueprints needed recompiling
[2015.06.26-09.45.14:262][216]PIE: New page: PIE session: Level2 (Jun 26, 2015, 1:45:14 PM)
[2015.06.26-09.45.14:262][216]LogPlayLevel: Creating play world package: /Game/ThirdPersonBP/Maps/UEDPIE_0_Level2
[2015.06.26-09.45.14:264][216]LogPlayLevel: PIE: StaticDuplicateObject took: (0.001767s)
[2015.06.26-09.45.14:265][216]LogAIModule: Creating AISystem for world Level2
[2015.06.26-09.45.14:265][216]LogPlayLevel: PIE: World Init took: (0.001251s)
[2015.06.26-09.45.14:265][216]LogPlayLevel: PIE: Created PIE world by copying editor world from /Game/ThirdPersonBP/Maps/Level2.Level2 to /Game/ThirdPersonBP/Maps/UEDPIE_0_Level2.Level2 (0.003199s)
[2015.06.26-09.45.14:265][216]LogActorComponent: UnregisterComponent: (/Engine/Transient.CharMoveComp) Not registered. Aborting.
[2015.06.26-09.45.14:345][216]LogInit: XAudio2 using 'Haut-parleurs (6- Logitech G930 Headset)' : 2 channels at 44.1 kHz using 16 bits per sample (channel mask 0x3)
[2015.06.26-09.45.14:353][216]LogInit: FAudioDevice initialized.
[2015.06.26-09.45.14:430][216]LogWorld: Game class is 'RunGameMode_C'
[2015.06.26-09.45.14:434][216]LogWorld: Bringing World /Game/ThirdPersonBP/Maps/UEDPIE_0_Level2.Level2 up for play (max tick rate 0) at 2015.06.26-11.45.14
[2015.06.26-09.45.14:434][216]LogActor:Warning: GameSession /Game/ThirdPersonBP/Maps/UEDPIE_0_Level2.Level2:PersistentLevel.GameSession_12 has natively added scene component(s), but none of them were set as the actor's RootComponent - picking one arbitrarily
[2015.06.26-09.45.14:434][216]LogActor:Warning: GameNetworkManager /Game/ThirdPersonBP/Maps/UEDPIE_0_Level2.Level2:PersistentLevel.GameNetworkManager_13 has natively added scene component(s), but none of them were set as the actor's RootComponent - picking one arbitrarily
[2015.06.26-09.45.14:434][216]LogWorld: Bringing up level for play took: 0.001820
[2015.06.26-09.45.14:465][216]PIE: Info Play in editor start time for /Game/ThirdPersonBP/Maps/UEDPIE_0_Level2 -0.043
[2015.06.26-09.45.19:749][557]LogParticles: Destroying 0 GPU particle simulations for FXSystem 0x000000000E31D300
[2015.06.26-09.45.55:107][801]LogPlayLevel: PIE:  No blueprints needed recompiling
[2015.06.26-09.45.55:107][801]PIE: New page: PIE session: Level2 (Jun 26, 2015, 1:45:55 PM)
[2015.06.26-09.45.55:108][801]LogPlayLevel: Creating play world package: /Game/ThirdPersonBP/Maps/UEDPIE_0_Level2
[2015.06.26-09.45.55:110][801]LogPlayLevel: PIE: StaticDuplicateObject took: (0.001922s)
[2015.06.26-09.45.55:111][801]LogAIModule: Creating AISystem for world Level2
[2015.06.26-09.45.55:111][801]LogPlayLevel: PIE: World Init took: (0.001344s)
[2015.06.26-09.45.55:111][801]LogPlayLevel: PIE: Created PIE world by copying editor world from /Game/ThirdPersonBP/Maps/Level2.Level2 to /Game/ThirdPersonBP/Maps/UEDPIE_0_Level2.Level2 (0.003466s)
[2015.06.26-09.45.55:111][801]LogActorComponent: UnregisterComponent: (/Engine/Transient.CharMoveComp) Not registered. Aborting.
[2015.06.26-09.45.55:112][801]LogActorComponent: UnregisterComponent: (/Engine/Transient.RotatingMovement447CCFE943B8101E285B0B86423D6EBA) Not registered. Aborting.
[2015.06.26-09.45.55:195][801]LogInit: XAudio2 using 'Haut-parleurs (6- Logitech G930 Headset)' : 2 channels at 44.1 kHz using 16 bits per sample (channel mask 0x3)
[2015.06.26-09.45.55:203][801]LogInit: FAudioDevice initialized.
[2015.06.26-09.45.55:235][801]LogWorld: Game class is 'RunGameMode_C'
[2015.06.26-09.45.55:239][801]LogWorld: Bringing World /Game/ThirdPersonBP/Maps/UEDPIE_0_Level2.Level2 up for play (max tick rate 0) at 2015.06.26-11.45.55
[2015.06.26-09.45.55:239][801]LogActor:Warning: GameSession /Game/ThirdPersonBP/Maps/UEDPIE_0_Level2.Level2:PersistentLevel.GameSession_13 has natively added scene component(s), but none of them were set as the actor's RootComponent - picking one arbitrarily
[2015.06.26-09.45.55:239][801]LogActor:Warning: GameNetworkManager /Game/ThirdPersonBP/Maps/UEDPIE_0_Level2.Level2:PersistentLevel.GameNetworkManager_14 has natively added scene component(s), but none of them were set as the actor's RootComponent - picking one arbitrarily
[2015.06.26-09.45.55:239][801]LogWorld: Bringing up level for play took: 0.001925
[2015.06.26-09.45.55:269][801]PIE: Info Play in editor start time for /Game/ThirdPersonBP/Maps/UEDPIE_0_Level2 0.761
[2015.06.26-09.46.13:541][874]LogParticles: Destroying 0 GPU particle simulations for FXSystem 0x000000000D86BBA0
[2015.06.26-09.46.41:722][954]LogPlayLevel: PIE:  No blueprints needed recompiling
[2015.06.26-09.46.41:723][954]PIE: New page: PIE session: Level2 (Jun 26, 2015, 1:46:41 PM)
[2015.06.26-09.46.41:723][954]LogPlayLevel: Creating play world package: /Game/ThirdPersonBP/Maps/UEDPIE_0_Level2
[2015.06.26-09.46.41:725][954]LogPlayLevel: PIE: StaticDuplicateObject took: (0.002135s)
[2015.06.26-09.46.41:726][954]LogAIModule: Creating AISystem for world Level2
[2015.06.26-09.46.41:727][954]LogPlayLevel: PIE: World Init took: (0.001294s)
[2015.06.26-09.46.41:727][954]LogPlayLevel: PIE: Created PIE world by copying editor world from /Game/ThirdPersonBP/Maps/Level2.Level2 to /Game/ThirdPersonBP/Maps/UEDPIE_0_Level2.Level2 (0.003627s)
[2015.06.26-09.46.41:809][954]LogInit: XAudio2 using 'Haut-parleurs (6- Logitech G930 Headset)' : 2 channels at 44.1 kHz using 16 bits per sample (channel mask 0x3)
[2015.06.26-09.46.41:817][954]LogInit: FAudioDevice initialized.
[2015.06.26-09.46.41:852][954]LogWorld: Game class is 'RunGameMode_C'
[2015.06.26-09.46.41:855][954]LogWorld: Bringing World /Game/ThirdPersonBP/Maps/UEDPIE_0_Level2.Level2 up for play (max tick rate 0) at 2015.06.26-11.46.41
[2015.06.26-09.46.41:855][954]LogActor:Warning: GameSession /Game/ThirdPersonBP/Maps/UEDPIE_0_Level2.Level2:PersistentLevel.GameSession_14 has natively added scene component(s), but none of them were set as the actor's RootComponent - picking one arbitrarily
[2015.06.26-09.46.41:856][954]LogActor:Warning: GameNetworkManager /Game/ThirdPersonBP/Maps/UEDPIE_0_Level2.Level2:PersistentLevel.GameNetworkManager_15 has natively added scene component(s), but none of them were set as the actor's RootComponent - picking one arbitrarily
[2015.06.26-09.46.41:856][954]LogWorld: Bringing up level for play took: 0.001859
[2015.06.26-09.46.41:883][954]PIE: Info Play in editor start time for /Game/ThirdPersonBP/Maps/UEDPIE_0_Level2 -0.626
[2015.06.26-09.47.15:013][892]LogParticles: Destroying 0 GPU particle simulations for FXSystem 0x000000001446F740
[2015.06.26-09.47.38:581][586]BlueprintLog: New page: Compile RunCharacter
[2015.06.26-09.47.38:873][586]LogActorComponent: UnregisterComponent: (/Engine/Transient.CharMoveComp) Not registered. Aborting.
[2015.06.26-09.47.39:192][586]BlueprintEditorCompileResults: Info [0971.91] Compile of RunCharacter successful! [in 610 ms]
[2015.06.26-09.47.40:625][685]LogPlayLevel: PIE:  No blueprints needed recompiling
[2015.06.26-09.47.40:625][685]PIE: New page: PIE session: Level2 (Jun 26, 2015, 1:47:40 PM)
[2015.06.26-09.47.40:625][685]LogPlayLevel: Creating play world package: /Game/ThirdPersonBP/Maps/UEDPIE_0_Level2
[2015.06.26-09.47.40:628][685]LogPlayLevel: PIE: StaticDuplicateObject took: (0.002136s)
[2015.06.26-09.47.40:628][685]LogAIModule: Creating AISystem for world Level2
[2015.06.26-09.47.40:629][685]LogPlayLevel: PIE: World Init took: (0.001322s)
[2015.06.26-09.47.40:629][685]LogPlayLevel: PIE: Created PIE world by copying editor world from /Game/ThirdPersonBP/Maps/Level2.Level2 to /Game/ThirdPersonBP/Maps/UEDPIE_0_Level2.Level2 (0.003659s)
[2015.06.26-09.47.40:629][685]LogActorComponent: UnregisterComponent: (/Engine/Transient.CharMoveComp) Not registered. Aborting.
[2015.06.26-09.47.40:714][685]LogInit: XAudio2 using 'Haut-parleurs (6- Logitech G930 Headset)' : 2 channels at 44.1 kHz using 16 bits per sample (channel mask 0x3)
[2015.06.26-09.47.40:722][685]LogInit: FAudioDevice initialized.
[2015.06.26-09.47.40:794][685]LogWorld: Game class is 'RunGameMode_C'
[2015.06.26-09.47.40:798][685]LogWorld: Bringing World /Game/ThirdPersonBP/Maps/UEDPIE_0_Level2.Level2 up for play (max tick rate 0) at 2015.06.26-11.47.40
[2015.06.26-09.47.40:798][685]LogActor:Warning: GameSession /Game/ThirdPersonBP/Maps/UEDPIE_0_Level2.Level2:PersistentLevel.GameSession_15 has natively added scene component(s), but none of them were set as the actor's RootComponent - picking one arbitrarily
[2015.06.26-09.47.40:798][685]LogActor:Warning: GameNetworkManager /Game/ThirdPersonBP/Maps/UEDPIE_0_Level2.Level2:PersistentLevel.GameNetworkManager_16 has natively added scene component(s), but none of them were set as the actor's RootComponent - picking one arbitrarily
[2015.06.26-09.47.40:798][685]LogWorld: Bringing up level for play took: 0.001859
[2015.06.26-09.47.40:822][685]PIE: Info Play in editor start time for /Game/ThirdPersonBP/Maps/UEDPIE_0_Level2 0.312
[2015.06.26-09.47.43:581][863]Cmd: RestartLevel
[2015.06.26-09.47.43:596][864]LogNet: Browse: /Game/ThirdPersonBP/Maps/Level2?restart
[2015.06.26-09.47.43:596][864]LogLoad: LoadMap: /Game/ThirdPersonBP/Maps/Level2
[2015.06.26-09.47.43:642][864]LogParticles: Destroying 0 GPU particle simulations for FXSystem 0x000000000E31CF40
[2015.06.26-09.47.43:661][864]Cmd: MEM
[2015.06.26-09.47.43:713][864]LogMemory: Platform Memory Stats for Windows
[2015.06.26-09.47.43:713][864]LogMemory: Process Physical Memory: 820.64 MB used, 821.99 MB peak
[2015.06.26-09.47.43:713][864]LogMemory: Process Virtual Memory: 706.51 MB used, 707.25 MB peak
[2015.06.26-09.47.43:713][864]LogMemory: Physical Memory: 5273.02 MB used, 16282.96 MB total
[2015.06.26-09.47.43:713][864]LogMemory: Virtual Memory: 1388.32 MB used, 8388608.00 MB total
[2015.06.26-09.47.43:713][864]LogMemory: 
[2015.06.26-09.47.43:713][864]Allocator Stats for TBB: (not implemented)
[2015.06.26-09.47.43:713][864]LogPlayLevel: Creating play world package: /Game/ThirdPersonBP/Maps/UEDPIE_0_Level2
[2015.06.26-09.47.43:715][864]LogPlayLevel: PIE: StaticDuplicateObject took: (0.002108s)
[2015.06.26-09.47.43:716][864]LogAIModule: Creating AISystem for world Level2
[2015.06.26-09.47.43:717][864]LogPlayLevel: PIE: World Init took: (0.001751s)
[2015.06.26-09.47.43:717][864]LogPlayLevel: PIE: Created PIE world by copying editor world from /Game/ThirdPersonBP/Maps/Level2.Level2 to /Game/ThirdPersonBP/Maps/UEDPIE_0_Level2.Level2 (0.004049s)
[2015.06.26-09.47.43:717][864]LogWorld: Game class is 'RunGameMode_C'
[2015.06.26-09.47.43:721][864]LogWorld: Bringing World /Game/ThirdPersonBP/Maps/UEDPIE_0_Level2.Level2 up for play (max tick rate 0) at 2015.06.26-11.47.43
[2015.06.26-09.47.43:721][864]LogActor:Warning: GameSession /Game/ThirdPersonBP/Maps/UEDPIE_0_Level2.Level2:PersistentLevel.GameSession_16 has natively added scene component(s), but none of them were set as the actor's RootComponent - picking one arbitrarily
[2015.06.26-09.47.43:721][864]LogActor:Warning: GameNetworkManager /Game/ThirdPersonBP/Maps/UEDPIE_0_Level2.Level2:PersistentLevel.GameNetworkManager_17 has natively added scene component(s), but none of them were set as the actor's RootComponent - picking one arbitrarily
[2015.06.26-09.47.43:721][864]LogWorld: Bringing up level for play took: 0.001740
[2015.06.26-09.47.51:724][378]LogParticles: Destroying 0 GPU particle simulations for FXSystem 0x000000001440C860
[2015.06.26-09.47.52:482][430]LogPlayLevel: PIE:  No blueprints needed recompiling
[2015.06.26-09.47.52:483][430]PIE: New page: PIE session: Level2 (Jun 26, 2015, 1:47:52 PM)
[2015.06.26-09.47.52:483][430]LogPlayLevel: Creating play world package: /Game/ThirdPersonBP/Maps/UEDPIE_0_Level2
[2015.06.26-09.47.52:485][430]LogPlayLevel: PIE: StaticDuplicateObject took: (0.001788s)
[2015.06.26-09.47.52:486][430]LogAIModule: Creating AISystem for world Level2
[2015.06.26-09.47.52:486][430]LogPlayLevel: PIE: World Init took: (0.001225s)
[2015.06.26-09.47.52:486][430]LogPlayLevel: PIE: Created PIE world by copying editor world from /Game/ThirdPersonBP/Maps/Level2.Level2 to /Game/ThirdPersonBP/Maps/UEDPIE_0_Level2.Level2 (0.003210s)
[2015.06.26-09.47.52:565][430]LogInit: XAudio2 using 'Haut-parleurs (6- Logitech G930 Headset)' : 2 channels at 44.1 kHz using 16 bits per sample (channel mask 0x3)
[2015.06.26-09.47.52:573][430]LogInit: FAudioDevice initialized.
[2015.06.26-09.47.52:608][430]LogWorld: Game class is 'RunGameMode_C'
[2015.06.26-09.47.52:612][430]LogWorld: Bringing World /Game/ThirdPersonBP/Maps/UEDPIE_0_Level2.Level2 up for play (max tick rate 0) at 2015.06.26-11.47.52
[2015.06.26-09.47.52:612][430]LogActor:Warning: GameSession /Game/ThirdPersonBP/Maps/UEDPIE_0_Level2.Level2:PersistentLevel.GameSession_17 has natively added scene component(s), but none of them were set as the actor's RootComponent - picking one arbitrarily
[2015.06.26-09.47.52:612][430]LogActor:Warning: GameNetworkManager /Game/ThirdPersonBP/Maps/UEDPIE_0_Level2.Level2:PersistentLevel.GameNetworkManager_18 has natively added scene component(s), but none of them were set as the actor's RootComponent - picking one arbitrarily
[2015.06.26-09.47.52:612][430]LogWorld: Bringing up level for play took: 0.001808
[2015.06.26-09.47.52:645][430]PIE: Info Play in editor start time for /Game/ThirdPersonBP/Maps/UEDPIE_0_Level2 0.135
[2015.06.26-09.48.04:089][112]LogParticles: Destroying 0 GPU particle simulations for FXSystem 0x0000000037055EE0
[2015.06.26-09.49.29:522][791]BlueprintLog: New page: Compile BP_FloorTile
[2015.06.26-09.49.29:617][791]LogBlueprint:Warning: USimpleConstructionScript::FixupRootNodeParentReferences() - Couldn't find inherited parent component 'DefaultSceneRoot' for 'Box' in BlueprintGeneratedClass 'REINST_BP_FloorTile_LeftCorner_C_499' (it may have been removed)
[2015.06.26-09.49.29:718][791]LogBlueprint:Warning: USimpleConstructionScript::FixupRootNodeParentReferences() - Couldn't find inherited parent component 'DefaultSceneRoot' for 'StaticMesh' in BlueprintGeneratedClass 'REINST_BP_FloorTile_RampDown_C_503' (it may have been removed)
[2015.06.26-09.49.29:810][791]LogBlueprint:Warning: USimpleConstructionScript::FixupRootNodeParentReferences() - Couldn't find inherited parent component 'DefaultSceneRoot' for 'StaticMesh' in BlueprintGeneratedClass 'REINST_BP_FloorTile_RampUp_C_507' (it may have been removed)
[2015.06.26-09.49.29:903][791]LogBlueprint:Warning: USimpleConstructionScript::FixupRootNodeParentReferences() - Couldn't find inherited parent component 'DefaultSceneRoot' for 'Box' in BlueprintGeneratedClass 'REINST_BP_FloorTile_RightCorner_C_511' (it may have been removed)
[2015.06.26-09.49.30:277][791]BlueprintEditorCompileResults: Info [1082.99] Compile of BP_FloorTile successful! [in 754 ms]
[2015.06.26-09.49.32:692][982]LogPlayLevel: PIE:  No blueprints needed recompiling
[2015.06.26-09.49.32:692][982]PIE: New page: PIE session: Level2 (Jun 26, 2015, 1:49:32 PM)
[2015.06.26-09.49.32:693][982]LogPlayLevel: Creating play world package: /Game/ThirdPersonBP/Maps/UEDPIE_0_Level2
[2015.06.26-09.49.32:695][982]LogPlayLevel: PIE: StaticDuplicateObject took: (0.002133s)
[2015.06.26-09.49.32:696][982]LogAIModule: Creating AISystem for world Level2
[2015.06.26-09.49.32:696][982]LogPlayLevel: PIE: World Init took: (0.001282s)
[2015.06.26-09.49.32:696][982]LogPlayLevel: PIE: Created PIE world by copying editor world from /Game/ThirdPersonBP/Maps/Level2.Level2 to /Game/ThirdPersonBP/Maps/UEDPIE_0_Level2.Level2 (0.003611s)
[2015.06.26-09.49.32:781][982]LogInit: XAudio2 using 'Haut-parleurs (6- Logitech G930 Headset)' : 2 channels at 44.1 kHz using 16 bits per sample (channel mask 0x3)
[2015.06.26-09.49.32:789][982]LogInit: FAudioDevice initialized.
[2015.06.26-09.49.32:845][982]LogWorld: Game class is 'RunGameMode_C'
[2015.06.26-09.49.32:848][982]LogWorld: Bringing World /Game/ThirdPersonBP/Maps/UEDPIE_0_Level2.Level2 up for play (max tick rate 0) at 2015.06.26-11.49.32
[2015.06.26-09.49.32:848][982]LogActor:Warning: GameSession /Game/ThirdPersonBP/Maps/UEDPIE_0_Level2.Level2:PersistentLevel.GameSession_18 has natively added scene component(s), but none of them were set as the actor's RootComponent - picking one arbitrarily
[2015.06.26-09.49.32:849][982]LogActor:Warning: GameNetworkManager /Game/ThirdPersonBP/Maps/UEDPIE_0_Level2.Level2:PersistentLevel.GameNetworkManager_19 has natively added scene component(s), but none of them were set as the actor's RootComponent - picking one arbitrarily
[2015.06.26-09.49.32:849][982]LogWorld: Bringing up level for play took: 0.001884
[2015.06.26-09.49.32:877][982]PIE: Info Play in editor start time for /Game/ThirdPersonBP/Maps/UEDPIE_0_Level2 0.364
[2015.06.26-09.49.38:205][352]LogParticles: Destroying 0 GPU particle simulations for FXSystem 0x000000000F66BC40
[2015.06.26-09.50.30:502][ 72]BlueprintLog: New page: Compile RunCharacter
[2015.06.26-09.50.30:804][ 72]LogActorComponent: UnregisterComponent: (/Engine/Transient.CharMoveComp) Not registered. Aborting.
[2015.06.26-09.50.30:805][ 72]LogActorComponent: UnregisterComponent: (/Engine/Transient.RotatingMovement447CCFE943B8101E285B0B86423D6EBA) Not registered. Aborting.
[2015.06.26-09.50.31:125][ 72]BlueprintEditorCompileResults: Info [1143.84] Compile of RunCharacter successful! [in 622 ms]
[2015.06.26-09.50.31:931][123]LogPlayLevel: PIE:  No blueprints needed recompiling
[2015.06.26-09.50.31:931][123]PIE: New page: PIE session: Level2 (Jun 26, 2015, 1:50:31 PM)
[2015.06.26-09.50.31:932][123]LogPlayLevel: Creating play world package: /Game/ThirdPersonBP/Maps/UEDPIE_0_Level2
[2015.06.26-09.50.31:933][123]LogPlayLevel: PIE: StaticDuplicateObject took: (0.001878s)
[2015.06.26-09.50.31:934][123]LogAIModule: Creating AISystem for world Level2
[2015.06.26-09.50.31:935][123]LogPlayLevel: PIE: World Init took: (0.001259s)
[2015.06.26-09.50.31:935][123]LogPlayLevel: PIE: Created PIE world by copying editor world from /Game/ThirdPersonBP/Maps/Level2.Level2 to /Game/ThirdPersonBP/Maps/UEDPIE_0_Level2.Level2 (0.003317s)
[2015.06.26-09.50.31:935][123]LogActorComponent: UnregisterComponent: (/Engine/Transient.CharMoveComp) Not registered. Aborting.
[2015.06.26-09.50.32:020][123]LogInit: XAudio2 using 'Haut-parleurs (6- Logitech G930 Headset)' : 2 channels at 44.1 kHz using 16 bits per sample (channel mask 0x3)
[2015.06.26-09.50.32:027][123]LogInit: FAudioDevice initialized.
[2015.06.26-09.50.32:101][123]LogWorld: Game class is 'RunGameMode_C'
[2015.06.26-09.50.32:105][123]LogWorld: Bringing World /Game/ThirdPersonBP/Maps/UEDPIE_0_Level2.Level2 up for play (max tick rate 0) at 2015.06.26-11.50.32
[2015.06.26-09.50.32:105][123]LogActor:Warning: GameSession /Game/ThirdPersonBP/Maps/UEDPIE_0_Level2.Level2:PersistentLevel.GameSession_19 has natively added scene component(s), but none of them were set as the actor's RootComponent - picking one arbitrarily
[2015.06.26-09.50.32:106][123]LogActor:Warning: GameNetworkManager /Game/ThirdPersonBP/Maps/UEDPIE_0_Level2.Level2:PersistentLevel.GameNetworkManager_20 has natively added scene component(s), but none of them were set as the actor's RootComponent - picking one arbitrarily
[2015.06.26-09.50.32:106][123]LogWorld: Bringing up level for play took: 0.001871
[2015.06.26-09.50.32:138][123]PIE: Info Play in editor start time for /Game/ThirdPersonBP/Maps/UEDPIE_0_Level2 -0.375
[2015.06.26-09.50.53:414][189]Cmd: RestartLevel
[2015.06.26-09.50.53:430][190]LogNet: Browse: /Game/ThirdPersonBP/Maps/Level2?restart
[2015.06.26-09.50.53:431][190]LogLoad: LoadMap: /Game/ThirdPersonBP/Maps/Level2
[2015.06.26-09.50.53:479][190]LogParticles: Destroying 0 GPU particle simulations for FXSystem 0x000000000D86B600
[2015.06.26-09.50.53:497][190]Cmd: MEM
[2015.06.26-09.50.53:548][190]LogMemory: Platform Memory Stats for Windows
[2015.06.26-09.50.53:548][190]LogMemory: Process Physical Memory: 832.13 MB used, 833.39 MB peak
[2015.06.26-09.50.53:549][190]LogMemory: Process Virtual Memory: 722.71 MB used, 724.04 MB peak
[2015.06.26-09.50.53:549][190]LogMemory: Physical Memory: 5289.05 MB used, 16282.96 MB total
[2015.06.26-09.50.53:549][190]LogMemory: Virtual Memory: 1404.44 MB used, 8388608.00 MB total
[2015.06.26-09.50.53:549][190]LogMemory: 
[2015.06.26-09.50.53:549][190]Allocator Stats for TBB: (not implemented)
[2015.06.26-09.50.53:549][190]LogPlayLevel: Creating play world package: /Game/ThirdPersonBP/Maps/UEDPIE_0_Level2
[2015.06.26-09.50.53:551][190]LogPlayLevel: PIE: StaticDuplicateObject took: (0.002261s)
[2015.06.26-09.50.53:552][190]LogAIModule: Creating AISystem for world Level2
[2015.06.26-09.50.53:553][190]LogPlayLevel: PIE: World Init took: (0.001685s)
[2015.06.26-09.50.53:553][190]LogPlayLevel: PIE: Created PIE world by copying editor world from /Game/ThirdPersonBP/Maps/Level2.Level2 to /Game/ThirdPersonBP/Maps/UEDPIE_0_Level2.Level2 (0.004126s)
[2015.06.26-09.50.53:553][190]LogWorld: Game class is 'RunGameMode_C'
[2015.06.26-09.50.53:557][190]LogWorld: Bringing World /Game/ThirdPersonBP/Maps/UEDPIE_0_Level2.Level2 up for play (max tick rate 0) at 2015.06.26-11.50.53
[2015.06.26-09.50.53:557][190]LogActor:Warning: GameSession /Game/ThirdPersonBP/Maps/UEDPIE_0_Level2.Level2:PersistentLevel.GameSession_20 has natively added scene component(s), but none of them were set as the actor's RootComponent - picking one arbitrarily
[2015.06.26-09.50.53:557][190]LogActor:Warning: GameNetworkManager /Game/ThirdPersonBP/Maps/UEDPIE_0_Level2.Level2:PersistentLevel.GameNetworkManager_21 has natively added scene component(s), but none of them were set as the actor's RootComponent - picking one arbitrarily
[2015.06.26-09.50.53:557][190]LogWorld: Bringing up level for play took: 0.001730
[2015.06.26-09.50.57:188][402]LogParticles: Destroying 0 GPU particle simulations for FXSystem 0x000000001FDEA840
[2015.06.26-09.51.33:619][802]BlueprintLog: New page: Compile RunCharacter
[2015.06.26-09.51.33:908][802]LogActorComponent: UnregisterComponent: (/Engine/Transient.CharMoveComp) Not registered. Aborting.
[2015.06.26-09.51.34:225][802]BlueprintEditorCompileResults: Info [1206.94] Compile of RunCharacter successful! [in 606 ms]
[2015.06.26-09.52.26:551][245]LogActorComponent: UnregisterComponent: (/Engine/Transient.CharMoveComp) Not registered. Aborting.
[2015.06.26-09.54.22:270][811]LogEditorViewport: Clicking on Actor (LMB): BP_Sky_Sphere_C (Sky Sphere)
[2015.06.26-09.54.33:677][472]LogEditorViewport: Clicking on Actor (double click): BP_Sky_Sphere_C (Sky Sphere)
[2015.06.26-09.54.34:413][515]LogEditorViewport: Clicking on Actor (LMB): PlayerStart (Player Start)
[2015.06.26-09.54.34:974][546]LogEditorViewport: Clicking on Actor (context menu): PlayerStart (Player Start)
[2015.06.26-09.54.51:736][476]BlueprintLog: New page: Compile RunCharacter
[2015.06.26-09.54.52:024][476]LogActorComponent: UnregisterComponent: (/Engine/Transient.CharacterMovementComponent_1) Not registered. Aborting.
[2015.06.26-09.54.52:024][476]LogActorComponent: UnregisterComponent: (/Engine/Transient.RotatingMovement447CCFE943B8101E285B0B86423D6EBA) Not registered. Aborting.
[2015.06.26-09.54.52:347][476]BlueprintEditorCompileResults: Info [1405.05] Compile of RunCharacter successful! [in 610 ms]
[2015.06.26-09.56.42:959][386]LogActorComponent: UnregisterComponent: (/Engine/Transient.CharMoveComp) Not registered. Aborting.
[2015.06.26-09.56.42:959][386]LogActorComponent: UnregisterComponent: (/Engine/Transient.RotatingMovement447CCFE943B8101E285B0B86423D6EBA) Not registered. Aborting.
[2015.06.26-09.56.43:014][386]LogFileHelpers: Editor autosave (incl. sublevels) for '/Game/ThirdPersonBP/Maps/Level2' took 0.055
[2015.06.26-09.56.43:020][386]OBJ SavePackage: Generating thumbnails for [1] asset(s) in package [/Game/ThirdPersonBP/Blueprints/RunCharacter] ([1] browsable assets)...
[2015.06.26-09.56.43:042][386]OBJ SavePackage:     Rendered thumbnail for [Blueprint /Game/ThirdPersonBP/Blueprints/RunCharacter.RunCharacter]
[2015.06.26-09.56.43:042][386]OBJ SavePackage: Finished generating thumbnails for package [/Game/ThirdPersonBP/Blueprints/RunCharacter]
[2015.06.26-09.56.43:251][386]LogSavePackage: Save=121.523842ms
[2015.06.26-09.56.43:251][386]LogSavePackage: Moving 'D:/Repos/Catopsys/Engines/trunk/UE4/MazeRunner/Saved/RunCharacter_Auto1A8FFED5046AFC3EA70FD1BB20432D0CD.tmp' to 'D:/Repos/Catopsys/Engines/trunk/UE4/MazeRunner/Saved/Autosaves/Game/ThirdPersonBP/Blueprints/RunCharacter_Auto1.uasset'
[2015.06.26-09.56.43:256][386]OBJ SavePackage: Generating thumbnails for [0] asset(s) in package [/Game/ThirdPersonBP/Blueprints/RunGameMode] ([1] browsable assets)...
[2015.06.26-09.56.43:256][386]OBJ SavePackage: Finished generating thumbnails for package [/Game/ThirdPersonBP/Blueprints/RunGameMode]
[2015.06.26-09.56.43:330][386]LogSavePackage: Save=68.850586ms
[2015.06.26-09.56.43:330][386]LogSavePackage: Moving 'D:/Repos/Catopsys/Engines/trunk/UE4/MazeRunner/Saved/RunGameMode_Auto1DB936C374B95B9ED90D2CF9A50F6EBF3.tmp' to 'D:/Repos/Catopsys/Engines/trunk/UE4/MazeRunner/Saved/Autosaves/Game/ThirdPersonBP/Blueprints/RunGameMode_Auto1.uasset'
[2015.06.26-09.56.43:335][386]OBJ SavePackage: Generating thumbnails for [1] asset(s) in package [/Game/ThirdPersonBP/Blueprints/BP_FloorTile] ([1] browsable assets)...
[2015.06.26-09.56.43:355][386]OBJ SavePackage:     Rendered thumbnail for [Blueprint /Game/ThirdPersonBP/Blueprints/BP_FloorTile.BP_FloorTile]
[2015.06.26-09.56.43:355][386]OBJ SavePackage: Finished generating thumbnails for package [/Game/ThirdPersonBP/Blueprints/BP_FloorTile]
[2015.06.26-09.56.43:524][386]LogSavePackage: Save=135.534088ms
[2015.06.26-09.56.43:524][386]LogSavePackage: Moving 'D:/Repos/Catopsys/Engines/trunk/UE4/MazeRunner/Saved/BP_FloorTile_Auto1CAD1135348C0114FD7CBBEB387A6AC2E.tmp' to 'D:/Repos/Catopsys/Engines/trunk/UE4/MazeRunner/Saved/Autosaves/Game/ThirdPersonBP/Blueprints/BP_FloorTile_Auto1.uasset'
[2015.06.26-09.56.43:525][386]LogFileHelpers: Auto-saving content packages took 0.510
[2015.06.26-10.06.44:271][925]LogActorComponent: UnregisterComponent: (/Engine/Transient.CharMoveComp) Not registered. Aborting.
[2015.06.26-10.06.44:271][925]LogActorComponent: UnregisterComponent: (/Engine/Transient.RotatingMovement447CCFE943B8101E285B0B86423D6EBA) Not registered. Aborting.
[2015.06.26-10.06.44:318][925]LogFileHelpers: Editor autosave (incl. sublevels) for '/Game/ThirdPersonBP/Maps/Level2' took 0.048
[2015.06.26-10.06.44:324][925]OBJ SavePackage: Generating thumbnails for [0] asset(s) in package [/Game/ThirdPersonBP/Blueprints/BP_FloorTile] ([1] browsable assets)...
[2015.06.26-1